#
# There is insufficient memory for the Java Runtime Environment to continue.
# Native memory allocation (mmap) failed to map 53477376 bytes for Failed to commit area from 0x000000072f000000 to 0x0000000732300000 of length 53477376.
# Possible reasons:
#   The system is out of physical RAM or swap space
#   The process is running with CompressedOops enabled, and the Java Heap may be blocking the growth of the native heap
# Possible solutions:
#   Reduce memory load on the system
#   Increase physical memory or swap space
#   Check if swap backing store is full
#   Decrease Java heap size (-Xmx/-Xms)
#   Decrease number of Java threads
#   Decrease Java thread stack sizes (-Xss)
#   Set larger code cache with -XX:ReservedCodeCacheSize=
#   JVM is running with Zero Based Compressed Oops mode in which the Java heap is
#     placed in the first 32GB address space. The Java Heap base address is the
#     maximum limit for the native heap growth. Please use -XX:HeapBaseMinAddress
#     to set the Java Heap base and to place the Java Heap above 32GB virtual address.
# This output file may be truncated or incomplete.
#
#  Out of Memory Error (./src/hotspot/os/windows/os_windows.cpp:3301), pid=20556, tid=20640
#
# JRE version: OpenJDK Runtime Environment (11.0.10) (build 11.0.10+0-b96-7249189)
# Java VM: OpenJDK 64-Bit Server VM (11.0.10+0-b96-7249189, mixed mode, tiered, compressed oops, g1 gc, windows-amd64)
# No core dump will be written. Minidumps are not enabled by default on client versions of Windows
#

---------------  S U M M A R Y ------------

Command Line: org.jetbrains.kotlin.cli.jvm.K2JVMCompiler @C:\Users\Corbin\AndroidStudioProjects\MyApplication\app\build\20211017_9332036659406031735.compiler.options

Host: Intel(R) Core(TM) i7-4790K CPU @ 4.00GHz, 8 cores, 13G,  Windows 10 , 64 bit Build 19041 (10.0.19041.1202)
Time: Sun Oct 17 14:34:58 2021 Central Daylight Time elapsed time: 3.279654 seconds (0d 0h 0m 3s)

---------------  T H R E A D  ---------------

Current thread (0x000001a2b0f27800):  VMThread "VM Thread" [stack: 0x000000407e300000,0x000000407e400000] [id=20640]

Stack: [0x000000407e300000,0x000000407e400000]
[error occurred during error reporting (printing stack bounds), id 0xc0000005, EXCEPTION_ACCESS_VIOLATION (0xc0000005) at pc=0x000001a2963e0f2d]

Native frames: (J=compiled Java code, j=interpreted, Vv=VM code, C=native code)
V  [jvm.dll+0x5ecfaa]
V  [jvm.dll+0x722bd5]
V  [jvm.dll+0x72412d]
V  [jvm.dll+0x724745]
V  [jvm.dll+0x7246fb]
V  [jvm.dll+0x5ec348]
V  [jvm.dll+0x5ecad8]
C  [ntdll.dll+0xa20cf]
C  [ntdll.dll+0x51454]
C  [ntdll.dll+0xa0bfe]
C  0x000001a2963e0f2d

VM_Operation (0x000000407ddf8fe0): G1CollectForAllocation, mode: safepoint, requested by thread 0x000001a2928ed800


---------------  P R O C E S S  ---------------

Threads class SMR info:
_java_thread_list=0x000001a2b111ea40, length=12, elements={
0x000001a2928ed800, 0x000001a2b0f4a000, 0x000001a2b0f54000, 0x000001a2b0f6a000,
0x000001a2b0f6c800, 0x000001a2b0f6d800, 0x000001a2b0f71800, 0x000001a2b0fbb000,
0x000001a2b0fc5000, 0x000001a2b1127800, 0x000001a2b1114800, 0x000001a2b1115000
}

Java Threads: ( => current thread )
  0x000001a2928ed800 JavaThread "main" [_thread_blocked, id=20616, stack(0x000000407dd00000,0x000000407de00000)]
  0x000001a2b0f4a000 JavaThread "Reference Handler" daemon [_thread_blocked, id=20644, stack(0x000000407e400000,0x000000407e500000)]
  0x000001a2b0f54000 JavaThread "Finalizer" daemon [_thread_blocked, id=20648, stack(0x000000407e500000,0x000000407e600000)]
  0x000001a2b0f6a000 JavaThread "Signal Dispatcher" daemon [_thread_blocked, id=20652, stack(0x000000407e600000,0x000000407e700000)]
  0x000001a2b0f6c800 JavaThread "Attach Listener" daemon [_thread_blocked, id=20656, stack(0x000000407e700000,0x000000407e800000)]
  0x000001a2b0f6d800 JavaThread "Service Thread" daemon [_thread_blocked, id=20660, stack(0x000000407e800000,0x000000407e900000)]
  0x000001a2b0f71800 JavaThread "C2 CompilerThread0" daemon [_thread_blocked, id=20664, stack(0x000000407e900000,0x000000407ea00000)]
  0x000001a2b0fbb000 JavaThread "C1 CompilerThread0" daemon [_thread_blocked, id=20668, stack(0x000000407ea00000,0x000000407eb00000)]
  0x000001a2b0fc5000 JavaThread "Sweeper thread" daemon [_thread_blocked, id=20672, stack(0x000000407eb00000,0x000000407ec00000)]
  0x000001a2b1127800 JavaThread "Common-Cleaner" daemon [_thread_blocked, id=20680, stack(0x000000407ed00000,0x000000407ee00000)]
  0x000001a2b1114800 JavaThread "C2 CompilerThread1" daemon [_thread_blocked, id=20684, stack(0x000000407ee00000,0x000000407ef00000)]
  0x000001a2b1115000 JavaThread "C2 CompilerThread2" daemon [_thread_blocked, id=20688, stack(0x000000407ef00000,0x000000407f000000)]

Other Threads:
=>0x000001a2b0f27800 VMThread "VM Thread" [stack: 0x000000407e300000,0x000000407e400000] [id=20640]
  0x000001a2b1113800 WatcherThread [stack: 0x000000407ec00000,0x000000407ed00000] [id=20676]
  0x000001a292905800 GCTaskThread "GC Thread#0" [stack: 0x000000407de00000,0x000000407df00000] [id=20620]
  0x000001a2b183c000 GCTaskThread "GC Thread#1" [stack: 0x000000407f000000,0x000000407f100000] [id=20692]
  0x000001a2b180d800 GCTaskThread "GC Thread#2" [stack: 0x000000407f100000,0x000000407f200000] [id=20696]
  0x000001a2b180e000 GCTaskThread "GC Thread#3" [stack: 0x000000407f200000,0x000000407f300000] [id=20700]
  0x000001a2b1836000 GCTaskThread "GC Thread#4" [stack: 0x000000407f300000,0x000000407f400000] [id=20704]
  0x000001a292955800 ConcurrentGCThread "G1 Main Marker" [stack: 0x000000407df00000,0x000000407e000000] [id=20624]
  0x000001a292957000 ConcurrentGCThread "G1 Conc#0" [stack: 0x000000407e000000,0x000000407e100000] [id=20628]
  0x000001a2b1ac7000 ConcurrentGCThread "G1 Conc#1" [stack: 0x000000407f400000,0x000000407f500000] [id=20720]
  0x000001a2b0587800 ConcurrentGCThread "G1 Refine#0" [stack: 0x000000407e100000,0x000000407e200000] [id=20632]
  0x000001a2b1b63800 ConcurrentGCThread "G1 Refine#1" [stack: 0x000000407f500000,0x000000407f600000] [id=20728]
  0x000001a2b0588000 ConcurrentGCThread "G1 Young RemSet Sampling" [stack: 0x000000407e200000,0x000000407e300000] [id=20636]

Threads with active compile tasks:
C2 CompilerThread0   3285 3942       4       org.jetbrains.kotlin.metadata.ProtoBuf$Type::writeTo (354 bytes)

VM state:at safepoint (normal execution)

VM Mutex/Monitor currently owned by a thread:  ([mutex/lock_event])
[0x000001a2928eb5d0] Threads_lock - owner thread: 0x000001a2b0f27800
[0x000001a2928eb150] Heap_lock - owner thread: 0x000001a2928ed800

Heap address: 0x0000000721000000, size: 3568 MB, Compressed Oops mode: Zero based, Oop shift amount: 3
Narrow klass base: 0x0000000800000000, Narrow klass shift: 0
Compressed class space size: 1073741824 Address: 0x0000000800000000

Heap:
 garbage-first heap   total 281600K, used 35840K [0x0000000721000000, 0x0000000800000000)
  region size 1024K, 11 young (11264K), 11 survivors (11264K)
 Metaspace       used 49707K, capacity 50215K, committed 50304K, reserved 1093632K
  class space    used 5771K, capacity 5980K, committed 6016K, reserved 1048576K
Heap Regions: E=young(eden), S=young(survivor), O=old, HS=humongous(starts), HC=humongous(continues), CS=collection set, F=free, A=archive, TAMS=top-at-mark-start (previous, next)
|   0|0x0000000721000000, 0x0000000721100000, 0x0000000721100000|100%|HS|  |TAMS 0x0000000721100000, 0x0000000721000000| Complete 
|   1|0x0000000721100000, 0x0000000721200000, 0x0000000721200000|100%|HC|  |TAMS 0x0000000721200000, 0x0000000721100000| Complete 
|   2|0x0000000721200000, 0x0000000721300000, 0x0000000721300000|100%|HC|  |TAMS 0x0000000721300000, 0x0000000721200000| Complete 
|   3|0x0000000721300000, 0x0000000721400000, 0x0000000721400000|100%|HS|  |TAMS 0x0000000721400000, 0x0000000721300000| Complete 
|   4|0x0000000721400000, 0x0000000721500000, 0x0000000721500000|100%|HC|  |TAMS 0x0000000721500000, 0x0000000721400000| Complete 
|   5|0x0000000721500000, 0x0000000721600000, 0x0000000721600000|100%|HC|  |TAMS 0x0000000721600000, 0x0000000721500000| Complete 
|   6|0x0000000721600000, 0x0000000721700000, 0x0000000721700000|100%|HS|  |TAMS 0x0000000721700000, 0x0000000721600000| Complete 
|   7|0x0000000721700000, 0x0000000721800000, 0x0000000721800000|100%|HC|  |TAMS 0x0000000721800000, 0x0000000721700000| Complete 
|   8|0x0000000721800000, 0x0000000721900000, 0x0000000721900000|100%|HC|  |TAMS 0x0000000721900000, 0x0000000721800000| Complete 
|   9|0x0000000721900000, 0x0000000721a00000, 0x0000000721a00000|100%| O|  |TAMS 0x0000000721a00000, 0x0000000721900000| Untracked 
|  10|0x0000000721a00000, 0x0000000721b00000, 0x0000000721b00000|100%| O|  |TAMS 0x0000000721b00000, 0x0000000721a00000| Untracked 
|  11|0x0000000721b00000, 0x0000000721c00000, 0x0000000721c00000|100%| O|  |TAMS 0x0000000721bb4e00, 0x0000000721b00000| Untracked 
|  12|0x0000000721c00000, 0x0000000721d00000, 0x0000000721d00000|100%| O|  |TAMS 0x0000000721c00000, 0x0000000721c00000| Untracked 
|  13|0x0000000721d00000, 0x0000000721e00000, 0x0000000721e00000|100%|HS|  |TAMS 0x0000000721e00000, 0x0000000721d00000| Complete 
|  14|0x0000000721e00000, 0x0000000721f00000, 0x0000000721f00000|100%|HC|  |TAMS 0x0000000721f00000, 0x0000000721e00000| Complete 
|  15|0x0000000721f00000, 0x0000000722000000, 0x0000000722000000|100%| O|  |TAMS 0x0000000722000000, 0x0000000721f00000| Untracked 
|  16|0x0000000722000000, 0x0000000722100000, 0x0000000722100000|100%| O|  |TAMS 0x0000000722100000, 0x0000000722000000| Untracked 
|  17|0x0000000722100000, 0x0000000722200000, 0x0000000722200000|100%| O|  |TAMS 0x0000000722200000, 0x0000000722100000| Untracked 
|  18|0x0000000722200000, 0x0000000722300000, 0x0000000722300000|100%| O|  |TAMS 0x0000000722300000, 0x0000000722200000| Untracked 
|  19|0x0000000722300000, 0x0000000722400000, 0x0000000722400000|100%| O|  |TAMS 0x0000000722400000, 0x0000000722300000| Untracked 
|  20|0x0000000722400000, 0x0000000722500000, 0x0000000722500000|100%| O|  |TAMS 0x0000000722400000, 0x0000000722400000| Untracked 
|  21|0x0000000722500000, 0x0000000722600000, 0x0000000722600000|100%| O|  |TAMS 0x0000000722500000, 0x0000000722500000| Untracked 
|  22|0x0000000722600000, 0x0000000722700000, 0x0000000722700000|100%| O|  |TAMS 0x0000000722600000, 0x0000000722600000| Untracked 
|  23|0x0000000722700000, 0x0000000722800000, 0x0000000722800000|100%| O|  |TAMS 0x0000000722700000, 0x0000000722700000| Untracked 
|  24|0x0000000722800000, 0x0000000722800000, 0x0000000722900000|  0%| F|  |TAMS 0x0000000722800000, 0x0000000722800000| Untracked 
|  25|0x0000000722900000, 0x0000000722900000, 0x0000000722a00000|  0%| F|  |TAMS 0x0000000722900000, 0x0000000722900000| Untracked 
|  26|0x0000000722a00000, 0x0000000722a00000, 0x0000000722b00000|  0%| F|  |TAMS 0x0000000722a00000, 0x0000000722a00000| Untracked 
|  27|0x0000000722b00000, 0x0000000722b00000, 0x0000000722c00000|  0%| F|  |TAMS 0x0000000722b00000, 0x0000000722b00000| Untracked 
|  28|0x0000000722c00000, 0x0000000722c00000, 0x0000000722d00000|  0%| F|  |TAMS 0x0000000722c00000, 0x0000000722c00000| Untracked 
|  29|0x0000000722d00000, 0x0000000722d00000, 0x0000000722e00000|  0%| F|  |TAMS 0x0000000722d00000, 0x0000000722d00000| Untracked 
|  30|0x0000000722e00000, 0x0000000722e00000, 0x0000000722f00000|  0%| F|  |TAMS 0x0000000722e00000, 0x0000000722e00000| Untracked 
|  31|0x0000000722f00000, 0x0000000722f00000, 0x0000000723000000|  0%| F|  |TAMS 0x0000000722f00000, 0x0000000722f00000| Untracked 
|  32|0x0000000723000000, 0x0000000723000000, 0x0000000723100000|  0%| F|  |TAMS 0x0000000723000000, 0x0000000723000000| Untracked 
|  33|0x0000000723100000, 0x0000000723100000, 0x0000000723200000|  0%| F|  |TAMS 0x0000000723100000, 0x0000000723100000| Untracked 
|  34|0x0000000723200000, 0x0000000723200000, 0x0000000723300000|  0%| F|  |TAMS 0x0000000723200000, 0x0000000723200000| Untracked 
|  35|0x0000000723300000, 0x0000000723300000, 0x0000000723400000|  0%| F|  |TAMS 0x0000000723300000, 0x0000000723300000| Untracked 
|  36|0x0000000723400000, 0x0000000723400000, 0x0000000723500000|  0%| F|  |TAMS 0x0000000723400000, 0x0000000723400000| Untracked 
|  37|0x0000000723500000, 0x0000000723500000, 0x0000000723600000|  0%| F|  |TAMS 0x0000000723500000, 0x0000000723500000| Untracked 
|  38|0x0000000723600000, 0x0000000723600000, 0x0000000723700000|  0%| F|  |TAMS 0x0000000723600000, 0x0000000723600000| Untracked 
|  39|0x0000000723700000, 0x0000000723700000, 0x0000000723800000|  0%| F|  |TAMS 0x0000000723700000, 0x0000000723700000| Untracked 
|  40|0x0000000723800000, 0x0000000723800000, 0x0000000723900000|  0%| F|  |TAMS 0x0000000723800000, 0x0000000723800000| Untracked 
|  41|0x0000000723900000, 0x0000000723900000, 0x0000000723a00000|  0%| F|  |TAMS 0x0000000723900000, 0x0000000723900000| Untracked 
|  42|0x0000000723a00000, 0x0000000723a00000, 0x0000000723b00000|  0%| F|  |TAMS 0x0000000723a00000, 0x0000000723a00000| Untracked 
|  43|0x0000000723b00000, 0x0000000723b00000, 0x0000000723c00000|  0%| F|  |TAMS 0x0000000723b00000, 0x0000000723b00000| Untracked 
|  44|0x0000000723c00000, 0x0000000723c00000, 0x0000000723d00000|  0%| F|  |TAMS 0x0000000723c00000, 0x0000000723c00000| Untracked 
|  45|0x0000000723d00000, 0x0000000723d00000, 0x0000000723e00000|  0%| F|  |TAMS 0x0000000723d00000, 0x0000000723d00000| Untracked 
|  46|0x0000000723e00000, 0x0000000723e00000, 0x0000000723f00000|  0%| F|  |TAMS 0x0000000723e00000, 0x0000000723e00000| Untracked 
|  47|0x0000000723f00000, 0x0000000723f00000, 0x0000000724000000|  0%| F|  |TAMS 0x0000000723f00000, 0x0000000723f00000| Untracked 
|  48|0x0000000724000000, 0x0000000724000000, 0x0000000724100000|  0%| F|  |TAMS 0x0000000724000000, 0x0000000724000000| Untracked 
|  49|0x0000000724100000, 0x0000000724100000, 0x0000000724200000|  0%| F|  |TAMS 0x0000000724100000, 0x0000000724100000| Untracked 
|  50|0x0000000724200000, 0x0000000724200000, 0x0000000724300000|  0%| F|  |TAMS 0x0000000724200000, 0x0000000724200000| Untracked 
|  51|0x0000000724300000, 0x0000000724300000, 0x0000000724400000|  0%| F|  |TAMS 0x0000000724300000, 0x0000000724300000| Untracked 
|  52|0x0000000724400000, 0x0000000724400000, 0x0000000724500000|  0%| F|  |TAMS 0x0000000724400000, 0x0000000724400000| Untracked 
|  53|0x0000000724500000, 0x0000000724500000, 0x0000000724600000|  0%| F|  |TAMS 0x0000000724500000, 0x0000000724500000| Untracked 
|  54|0x0000000724600000, 0x0000000724600000, 0x0000000724700000|  0%| F|  |TAMS 0x0000000724600000, 0x0000000724600000| Untracked 
|  55|0x0000000724700000, 0x0000000724700000, 0x0000000724800000|  0%| F|  |TAMS 0x0000000724700000, 0x0000000724700000| Untracked 
|  56|0x0000000724800000, 0x0000000724800000, 0x0000000724900000|  0%| F|  |TAMS 0x0000000724800000, 0x0000000724800000| Untracked 
|  57|0x0000000724900000, 0x0000000724900000, 0x0000000724a00000|  0%| F|  |TAMS 0x0000000724900000, 0x0000000724900000| Untracked 
|  58|0x0000000724a00000, 0x0000000724a00000, 0x0000000724b00000|  0%| F|  |TAMS 0x0000000724a00000, 0x0000000724a00000| Untracked 
|  59|0x0000000724b00000, 0x0000000724b00000, 0x0000000724c00000|  0%| F|  |TAMS 0x0000000724b00000, 0x0000000724b00000| Untracked 
|  60|0x0000000724c00000, 0x0000000724c00000, 0x0000000724d00000|  0%| F|  |TAMS 0x0000000724c00000, 0x0000000724c00000| Untracked 
|  61|0x0000000724d00000, 0x0000000724d00000, 0x0000000724e00000|  0%| F|  |TAMS 0x0000000724d00000, 0x0000000724d00000| Untracked 
|  62|0x0000000724e00000, 0x0000000724e00000, 0x0000000724f00000|  0%| F|  |TAMS 0x0000000724e00000, 0x0000000724e00000| Untracked 
|  63|0x0000000724f00000, 0x0000000724f00000, 0x0000000725000000|  0%| F|  |TAMS 0x0000000724f00000, 0x0000000724f00000| Untracked 
|  64|0x0000000725000000, 0x0000000725000000, 0x0000000725100000|  0%| F|  |TAMS 0x0000000725000000, 0x0000000725000000| Untracked 
|  65|0x0000000725100000, 0x0000000725100000, 0x0000000725200000|  0%| F|  |TAMS 0x0000000725100000, 0x0000000725100000| Untracked 
|  66|0x0000000725200000, 0x0000000725200000, 0x0000000725300000|  0%| F|  |TAMS 0x0000000725200000, 0x0000000725200000| Untracked 
|  67|0x0000000725300000, 0x0000000725300000, 0x0000000725400000|  0%| F|  |TAMS 0x0000000725300000, 0x0000000725300000| Untracked 
|  68|0x0000000725400000, 0x0000000725400000, 0x0000000725500000|  0%| F|  |TAMS 0x0000000725400000, 0x0000000725400000| Untracked 
|  69|0x0000000725500000, 0x0000000725500000, 0x0000000725600000|  0%| F|  |TAMS 0x0000000725500000, 0x0000000725500000| Untracked 
|  70|0x0000000725600000, 0x0000000725600000, 0x0000000725700000|  0%| F|  |TAMS 0x0000000725600000, 0x0000000725600000| Untracked 
|  71|0x0000000725700000, 0x0000000725700000, 0x0000000725800000|  0%| F|  |TAMS 0x0000000725700000, 0x0000000725700000| Untracked 
|  72|0x0000000725800000, 0x0000000725800000, 0x0000000725900000|  0%| F|  |TAMS 0x0000000725800000, 0x0000000725800000| Untracked 
|  73|0x0000000725900000, 0x0000000725900000, 0x0000000725a00000|  0%| F|  |TAMS 0x0000000725900000, 0x0000000725900000| Untracked 
|  74|0x0000000725a00000, 0x0000000725a00000, 0x0000000725b00000|  0%| F|  |TAMS 0x0000000725a00000, 0x0000000725a00000| Untracked 
|  75|0x0000000725b00000, 0x0000000725b00000, 0x0000000725c00000|  0%| F|  |TAMS 0x0000000725b00000, 0x0000000725b00000| Untracked 
|  76|0x0000000725c00000, 0x0000000725c00000, 0x0000000725d00000|  0%| F|  |TAMS 0x0000000725c00000, 0x0000000725c00000| Untracked 
|  77|0x0000000725d00000, 0x0000000725d00000, 0x0000000725e00000|  0%| F|  |TAMS 0x0000000725d00000, 0x0000000725d00000| Untracked 
|  78|0x0000000725e00000, 0x0000000725e00000, 0x0000000725f00000|  0%| F|  |TAMS 0x0000000725e00000, 0x0000000725e00000| Untracked 
|  79|0x0000000725f00000, 0x0000000725f00000, 0x0000000726000000|  0%| F|  |TAMS 0x0000000725f00000, 0x0000000725f00000| Untracked 
|  80|0x0000000726000000, 0x0000000726000000, 0x0000000726100000|  0%| F|  |TAMS 0x0000000726000000, 0x0000000726000000| Untracked 
|  81|0x0000000726100000, 0x0000000726100000, 0x0000000726200000|  0%| F|  |TAMS 0x0000000726100000, 0x0000000726100000| Untracked 
|  82|0x0000000726200000, 0x0000000726200000, 0x0000000726300000|  0%| F|  |TAMS 0x0000000726200000, 0x0000000726200000| Untracked 
|  83|0x0000000726300000, 0x0000000726300000, 0x0000000726400000|  0%| F|  |TAMS 0x0000000726300000, 0x0000000726300000| Untracked 
|  84|0x0000000726400000, 0x0000000726400000, 0x0000000726500000|  0%| F|  |TAMS 0x0000000726400000, 0x0000000726400000| Untracked 
|  85|0x0000000726500000, 0x0000000726500000, 0x0000000726600000|  0%| F|  |TAMS 0x0000000726500000, 0x0000000726500000| Untracked 
|  86|0x0000000726600000, 0x0000000726600000, 0x0000000726700000|  0%| F|  |TAMS 0x0000000726600000, 0x0000000726600000| Untracked 
|  87|0x0000000726700000, 0x0000000726700000, 0x0000000726800000|  0%| F|  |TAMS 0x0000000726700000, 0x0000000726700000| Untracked 
|  88|0x0000000726800000, 0x0000000726800000, 0x0000000726900000|  0%| F|  |TAMS 0x0000000726800000, 0x0000000726800000| Untracked 
|  89|0x0000000726900000, 0x0000000726900000, 0x0000000726a00000|  0%| F|  |TAMS 0x0000000726900000, 0x0000000726900000| Untracked 
|  90|0x0000000726a00000, 0x0000000726a00000, 0x0000000726b00000|  0%| F|  |TAMS 0x0000000726a00000, 0x0000000726a00000| Untracked 
|  91|0x0000000726b00000, 0x0000000726b00000, 0x0000000726c00000|  0%| F|  |TAMS 0x0000000726b00000, 0x0000000726b00000| Untracked 
|  92|0x0000000726c00000, 0x0000000726c00000, 0x0000000726d00000|  0%| F|  |TAMS 0x0000000726c00000, 0x0000000726c00000| Untracked 
|  93|0x0000000726d00000, 0x0000000726d00000, 0x0000000726e00000|  0%| F|  |TAMS 0x0000000726d00000, 0x0000000726d00000| Untracked 
|  94|0x0000000726e00000, 0x0000000726e00000, 0x0000000726f00000|  0%| F|  |TAMS 0x0000000726e00000, 0x0000000726e00000| Untracked 
|  95|0x0000000726f00000, 0x0000000726f00000, 0x0000000727000000|  0%| F|  |TAMS 0x0000000726f00000, 0x0000000726f00000| Untracked 
|  96|0x0000000727000000, 0x0000000727000000, 0x0000000727100000|  0%| F|  |TAMS 0x0000000727000000, 0x0000000727000000| Untracked 
|  97|0x0000000727100000, 0x0000000727100000, 0x0000000727200000|  0%| F|  |TAMS 0x0000000727100000, 0x0000000727100000| Untracked 
|  98|0x0000000727200000, 0x0000000727200000, 0x0000000727300000|  0%| F|  |TAMS 0x0000000727200000, 0x0000000727200000| Untracked 
|  99|0x0000000727300000, 0x0000000727300000, 0x0000000727400000|  0%| F|  |TAMS 0x0000000727300000, 0x0000000727300000| Untracked 
| 100|0x0000000727400000, 0x0000000727400000, 0x0000000727500000|  0%| F|  |TAMS 0x0000000727400000, 0x0000000727400000| Untracked 
| 101|0x0000000727500000, 0x0000000727500000, 0x0000000727600000|  0%| F|  |TAMS 0x0000000727500000, 0x0000000727500000| Untracked 
| 102|0x0000000727600000, 0x0000000727600000, 0x0000000727700000|  0%| F|  |TAMS 0x0000000727600000, 0x0000000727600000| Untracked 
| 103|0x0000000727700000, 0x0000000727700000, 0x0000000727800000|  0%| F|  |TAMS 0x0000000727700000, 0x0000000727700000| Untracked 
| 104|0x0000000727800000, 0x0000000727800000, 0x0000000727900000|  0%| F|  |TAMS 0x0000000727800000, 0x0000000727800000| Untracked 
| 105|0x0000000727900000, 0x0000000727900000, 0x0000000727a00000|  0%| F|  |TAMS 0x0000000727900000, 0x0000000727900000| Untracked 
| 106|0x0000000727a00000, 0x0000000727a00000, 0x0000000727b00000|  0%| F|  |TAMS 0x0000000727a00000, 0x0000000727a00000| Untracked 
| 107|0x0000000727b00000, 0x0000000727b00000, 0x0000000727c00000|  0%| F|  |TAMS 0x0000000727b00000, 0x0000000727b00000| Untracked 
| 108|0x0000000727c00000, 0x0000000727c00000, 0x0000000727d00000|  0%| F|  |TAMS 0x0000000727c00000, 0x0000000727c00000| Untracked 
| 109|0x0000000727d00000, 0x0000000727d00000, 0x0000000727e00000|  0%| F|  |TAMS 0x0000000727d00000, 0x0000000727d00000| Untracked 
| 110|0x0000000727e00000, 0x0000000727e00000, 0x0000000727f00000|  0%| F|  |TAMS 0x0000000727e00000, 0x0000000727e00000| Untracked 
| 111|0x0000000727f00000, 0x0000000727f00000, 0x0000000728000000|  0%| F|  |TAMS 0x0000000727f00000, 0x0000000727f00000| Untracked 
| 112|0x0000000728000000, 0x0000000728000000, 0x0000000728100000|  0%| F|  |TAMS 0x0000000728000000, 0x0000000728000000| Untracked 
| 113|0x0000000728100000, 0x0000000728100000, 0x0000000728200000|  0%| F|  |TAMS 0x0000000728100000, 0x0000000728100000| Untracked 
| 114|0x0000000728200000, 0x0000000728200000, 0x0000000728300000|  0%| F|  |TAMS 0x0000000728200000, 0x0000000728200000| Untracked 
| 115|0x0000000728300000, 0x0000000728300000, 0x0000000728400000|  0%| F|  |TAMS 0x0000000728300000, 0x0000000728300000| Untracked 
| 116|0x0000000728400000, 0x0000000728400000, 0x0000000728500000|  0%| F|  |TAMS 0x0000000728400000, 0x0000000728400000| Untracked 
| 117|0x0000000728500000, 0x0000000728500000, 0x0000000728600000|  0%| F|  |TAMS 0x0000000728500000, 0x0000000728500000| Untracked 
| 118|0x0000000728600000, 0x0000000728600000, 0x0000000728700000|  0%| F|  |TAMS 0x0000000728600000, 0x0000000728600000| Untracked 
| 119|0x0000000728700000, 0x0000000728700000, 0x0000000728800000|  0%| F|  |TAMS 0x0000000728700000, 0x0000000728700000| Untracked 
| 120|0x0000000728800000, 0x0000000728800000, 0x0000000728900000|  0%| F|  |TAMS 0x0000000728800000, 0x0000000728800000| Untracked 
| 121|0x0000000728900000, 0x0000000728900000, 0x0000000728a00000|  0%| F|  |TAMS 0x0000000728900000, 0x0000000728900000| Untracked 
| 122|0x0000000728a00000, 0x0000000728a00000, 0x0000000728b00000|  0%| F|  |TAMS 0x0000000728a00000, 0x0000000728a00000| Untracked 
| 123|0x0000000728b00000, 0x0000000728b00000, 0x0000000728c00000|  0%| F|  |TAMS 0x0000000728b00000, 0x0000000728b00000| Untracked 
| 124|0x0000000728c00000, 0x0000000728c00000, 0x0000000728d00000|  0%| F|  |TAMS 0x0000000728c00000, 0x0000000728c00000| Untracked 
| 125|0x0000000728d00000, 0x0000000728d00000, 0x0000000728e00000|  0%| F|  |TAMS 0x0000000728d00000, 0x0000000728d00000| Untracked 
| 126|0x0000000728e00000, 0x0000000728e00000, 0x0000000728f00000|  0%| F|  |TAMS 0x0000000728e00000, 0x0000000728e00000| Untracked 
| 127|0x0000000728f00000, 0x0000000728f00000, 0x0000000729000000|  0%| F|  |TAMS 0x0000000728f00000, 0x0000000728f00000| Untracked 
| 128|0x0000000729000000, 0x0000000729000000, 0x0000000729100000|  0%| F|  |TAMS 0x0000000729000000, 0x0000000729000000| Untracked 
| 129|0x0000000729100000, 0x0000000729100000, 0x0000000729200000|  0%| F|  |TAMS 0x0000000729100000, 0x0000000729100000| Untracked 
| 130|0x0000000729200000, 0x0000000729200000, 0x0000000729300000|  0%| F|  |TAMS 0x0000000729200000, 0x0000000729200000| Untracked 
| 131|0x0000000729300000, 0x0000000729400000, 0x0000000729400000|100%| S|CS|TAMS 0x0000000729300000, 0x0000000729300000| Complete 
| 132|0x0000000729400000, 0x0000000729500000, 0x0000000729500000|100%| S|CS|TAMS 0x0000000729400000, 0x0000000729400000| Complete 
| 133|0x0000000729500000, 0x0000000729600000, 0x0000000729600000|100%| S|CS|TAMS 0x0000000729500000, 0x0000000729500000| Complete 
| 134|0x0000000729600000, 0x0000000729700000, 0x0000000729700000|100%| S|CS|TAMS 0x0000000729600000, 0x0000000729600000| Complete 
| 135|0x0000000729700000, 0x0000000729800000, 0x0000000729800000|100%| S|CS|TAMS 0x0000000729700000, 0x0000000729700000| Complete 
| 136|0x0000000729800000, 0x0000000729900000, 0x0000000729900000|100%| S|CS|TAMS 0x0000000729800000, 0x0000000729800000| Complete 
| 137|0x0000000729900000, 0x0000000729a00000, 0x0000000729a00000|100%| S|CS|TAMS 0x0000000729900000, 0x0000000729900000| Complete 
| 138|0x0000000729a00000, 0x0000000729b00000, 0x0000000729b00000|100%| S|CS|TAMS 0x0000000729a00000, 0x0000000729a00000| Complete 
| 139|0x0000000729b00000, 0x0000000729c00000, 0x0000000729c00000|100%| S|CS|TAMS 0x0000000729b00000, 0x0000000729b00000| Complete 
| 140|0x0000000729c00000, 0x0000000729d00000, 0x0000000729d00000|100%| S|CS|TAMS 0x0000000729c00000, 0x0000000729c00000| Complete 
| 141|0x0000000729d00000, 0x0000000729e00000, 0x0000000729e00000|100%| S|CS|TAMS 0x0000000729d00000, 0x0000000729d00000| Complete 
| 142|0x0000000729e00000, 0x0000000729e00000, 0x0000000729f00000|  0%| F|  |TAMS 0x0000000729e00000, 0x0000000729e00000| Untracked 
| 143|0x0000000729f00000, 0x0000000729f00000, 0x000000072a000000|  0%| F|  |TAMS 0x0000000729f00000, 0x0000000729f00000| Untracked 
| 144|0x000000072a000000, 0x000000072a000000, 0x000000072a100000|  0%| F|  |TAMS 0x000000072a000000, 0x000000072a000000| Untracked 
| 145|0x000000072a100000, 0x000000072a100000, 0x000000072a200000|  0%| F|  |TAMS 0x000000072a100000, 0x000000072a100000| Untracked 
| 146|0x000000072a200000, 0x000000072a200000, 0x000000072a300000|  0%| F|  |TAMS 0x000000072a200000, 0x000000072a200000| Untracked 
| 147|0x000000072a300000, 0x000000072a300000, 0x000000072a400000|  0%| F|  |TAMS 0x000000072a300000, 0x000000072a300000| Untracked 
| 148|0x000000072a400000, 0x000000072a400000, 0x000000072a500000|  0%| F|  |TAMS 0x000000072a400000, 0x000000072a400000| Untracked 
| 149|0x000000072a500000, 0x000000072a500000, 0x000000072a600000|  0%| F|  |TAMS 0x000000072a500000, 0x000000072a500000| Untracked 
| 150|0x000000072a600000, 0x000000072a600000, 0x000000072a700000|  0%| F|  |TAMS 0x000000072a600000, 0x000000072a600000| Untracked 
| 151|0x000000072a700000, 0x000000072a700000, 0x000000072a800000|  0%| F|  |TAMS 0x000000072a700000, 0x000000072a700000| Untracked 
| 152|0x000000072a800000, 0x000000072a800000, 0x000000072a900000|  0%| F|  |TAMS 0x000000072a800000, 0x000000072a800000| Untracked 
| 153|0x000000072a900000, 0x000000072a900000, 0x000000072aa00000|  0%| F|  |TAMS 0x000000072a900000, 0x000000072a900000| Untracked 
| 154|0x000000072aa00000, 0x000000072aa00000, 0x000000072ab00000|  0%| F|  |TAMS 0x000000072aa00000, 0x000000072aa00000| Untracked 
| 155|0x000000072ab00000, 0x000000072ab00000, 0x000000072ac00000|  0%| F|  |TAMS 0x000000072ab00000, 0x000000072ab00000| Untracked 
| 156|0x000000072ac00000, 0x000000072ac00000, 0x000000072ad00000|  0%| F|  |TAMS 0x000000072ac00000, 0x000000072ac00000| Untracked 
| 157|0x000000072ad00000, 0x000000072ad00000, 0x000000072ae00000|  0%| F|  |TAMS 0x000000072ad00000, 0x000000072ad00000| Untracked 
| 158|0x000000072ae00000, 0x000000072ae00000, 0x000000072af00000|  0%| F|  |TAMS 0x000000072ae00000, 0x000000072ae00000| Untracked 
| 159|0x000000072af00000, 0x000000072af00000, 0x000000072b000000|  0%| F|  |TAMS 0x000000072af00000, 0x000000072af00000| Untracked 
| 160|0x000000072b000000, 0x000000072b000000, 0x000000072b100000|  0%| F|  |TAMS 0x000000072b000000, 0x000000072b000000| Untracked 
| 161|0x000000072b100000, 0x000000072b100000, 0x000000072b200000|  0%| F|  |TAMS 0x000000072b100000, 0x000000072b100000| Untracked 
| 162|0x000000072b200000, 0x000000072b200000, 0x000000072b300000|  0%| F|  |TAMS 0x000000072b200000, 0x000000072b200000| Untracked 
| 163|0x000000072b300000, 0x000000072b300000, 0x000000072b400000|  0%| F|  |TAMS 0x000000072b300000, 0x000000072b300000| Untracked 
| 164|0x000000072b400000, 0x000000072b400000, 0x000000072b500000|  0%| F|  |TAMS 0x000000072b400000, 0x000000072b400000| Untracked 
| 165|0x000000072b500000, 0x000000072b500000, 0x000000072b600000|  0%| F|  |TAMS 0x000000072b500000, 0x000000072b500000| Untracked 
| 166|0x000000072b600000, 0x000000072b600000, 0x000000072b700000|  0%| F|  |TAMS 0x000000072b600000, 0x000000072b600000| Untracked 
| 167|0x000000072b700000, 0x000000072b700000, 0x000000072b800000|  0%| F|  |TAMS 0x000000072b700000, 0x000000072b700000| Untracked 
| 168|0x000000072b800000, 0x000000072b800000, 0x000000072b900000|  0%| F|  |TAMS 0x000000072b800000, 0x000000072b800000| Untracked 
| 169|0x000000072b900000, 0x000000072b900000, 0x000000072ba00000|  0%| F|  |TAMS 0x000000072b900000, 0x000000072b900000| Untracked 
| 170|0x000000072ba00000, 0x000000072ba00000, 0x000000072bb00000|  0%| F|  |TAMS 0x000000072ba00000, 0x000000072ba00000| Untracked 
| 171|0x000000072bb00000, 0x000000072bb00000, 0x000000072bc00000|  0%| F|  |TAMS 0x000000072bb00000, 0x000000072bb00000| Untracked 
| 172|0x000000072bc00000, 0x000000072bc00000, 0x000000072bd00000|  0%| F|  |TAMS 0x000000072bc00000, 0x000000072bc00000| Untracked 
| 173|0x000000072bd00000, 0x000000072bd00000, 0x000000072be00000|  0%| F|  |TAMS 0x000000072bd00000, 0x000000072bd00000| Untracked 
| 174|0x000000072be00000, 0x000000072be00000, 0x000000072bf00000|  0%| F|  |TAMS 0x000000072be00000, 0x000000072be00000| Untracked 
| 175|0x000000072bf00000, 0x000000072bf00000, 0x000000072c000000|  0%| F|  |TAMS 0x000000072bf00000, 0x000000072bf00000| Untracked 
| 176|0x000000072c000000, 0x000000072c000000, 0x000000072c100000|  0%| F|  |TAMS 0x000000072c000000, 0x000000072c000000| Untracked 
| 177|0x000000072c100000, 0x000000072c100000, 0x000000072c200000|  0%| F|  |TAMS 0x000000072c100000, 0x000000072c100000| Untracked 
| 178|0x000000072c200000, 0x000000072c200000, 0x000000072c300000|  0%| F|  |TAMS 0x000000072c200000, 0x000000072c200000| Untracked 
| 179|0x000000072c300000, 0x000000072c300000, 0x000000072c400000|  0%| F|  |TAMS 0x000000072c300000, 0x000000072c300000| Untracked 
| 180|0x000000072c400000, 0x000000072c400000, 0x000000072c500000|  0%| F|  |TAMS 0x000000072c400000, 0x000000072c400000| Untracked 
| 181|0x000000072c500000, 0x000000072c500000, 0x000000072c600000|  0%| F|  |TAMS 0x000000072c500000, 0x000000072c500000| Untracked 
| 182|0x000000072c600000, 0x000000072c600000, 0x000000072c700000|  0%| F|  |TAMS 0x000000072c600000, 0x000000072c600000| Untracked 
| 183|0x000000072c700000, 0x000000072c700000, 0x000000072c800000|  0%| F|  |TAMS 0x000000072c700000, 0x000000072c700000| Untracked 
| 184|0x000000072c800000, 0x000000072c800000, 0x000000072c900000|  0%| F|  |TAMS 0x000000072c800000, 0x000000072c800000| Untracked 
| 185|0x000000072c900000, 0x000000072c900000, 0x000000072ca00000|  0%| F|  |TAMS 0x000000072c900000, 0x000000072c900000| Untracked 
| 186|0x000000072ca00000, 0x000000072ca00000, 0x000000072cb00000|  0%| F|  |TAMS 0x000000072ca00000, 0x000000072ca00000| Untracked 
| 187|0x000000072cb00000, 0x000000072cb00000, 0x000000072cc00000|  0%| F|  |TAMS 0x000000072cb00000, 0x000000072cb00000| Untracked 
| 188|0x000000072cc00000, 0x000000072cc00000, 0x000000072cd00000|  0%| F|  |TAMS 0x000000072cc00000, 0x000000072cc00000| Untracked 
| 189|0x000000072cd00000, 0x000000072cd00000, 0x000000072ce00000|  0%| F|  |TAMS 0x000000072cd00000, 0x000000072cd00000| Untracked 
| 190|0x000000072ce00000, 0x000000072ce00000, 0x000000072cf00000|  0%| F|  |TAMS 0x000000072ce00000, 0x000000072ce00000| Untracked 
| 191|0x000000072cf00000, 0x000000072cf00000, 0x000000072d000000|  0%| F|  |TAMS 0x000000072cf00000, 0x000000072cf00000| Untracked 
| 192|0x000000072d000000, 0x000000072d000000, 0x000000072d100000|  0%| F|  |TAMS 0x000000072d000000, 0x000000072d000000| Untracked 
| 193|0x000000072d100000, 0x000000072d100000, 0x000000072d200000|  0%| F|  |TAMS 0x000000072d100000, 0x000000072d100000| Untracked 
| 194|0x000000072d200000, 0x000000072d200000, 0x000000072d300000|  0%| F|  |TAMS 0x000000072d200000, 0x000000072d200000| Untracked 
| 195|0x000000072d300000, 0x000000072d300000, 0x000000072d400000|  0%| F|  |TAMS 0x000000072d300000, 0x000000072d300000| Untracked 
| 196|0x000000072d400000, 0x000000072d400000, 0x000000072d500000|  0%| F|  |TAMS 0x000000072d400000, 0x000000072d400000| Untracked 
| 197|0x000000072d500000, 0x000000072d500000, 0x000000072d600000|  0%| F|  |TAMS 0x000000072d500000, 0x000000072d500000| Untracked 
| 198|0x000000072d600000, 0x000000072d600000, 0x000000072d700000|  0%| F|  |TAMS 0x000000072d600000, 0x000000072d600000| Untracked 
| 199|0x000000072d700000, 0x000000072d700000, 0x000000072d800000|  0%| F|  |TAMS 0x000000072d700000, 0x000000072d700000| Untracked 
| 200|0x000000072d800000, 0x000000072d800000, 0x000000072d900000|  0%| F|  |TAMS 0x000000072d800000, 0x000000072d800000| Untracked 
| 201|0x000000072d900000, 0x000000072d900000, 0x000000072da00000|  0%| F|  |TAMS 0x000000072d900000, 0x000000072d900000| Untracked 
| 202|0x000000072da00000, 0x000000072da00000, 0x000000072db00000|  0%| F|  |TAMS 0x000000072da00000, 0x000000072da00000| Untracked 
| 203|0x000000072db00000, 0x000000072db00000, 0x000000072dc00000|  0%| F|  |TAMS 0x000000072db00000, 0x000000072db00000| Untracked 
| 204|0x000000072dc00000, 0x000000072dc00000, 0x000000072dd00000|  0%| F|  |TAMS 0x000000072dc00000, 0x000000072dc00000| Untracked 
| 205|0x000000072dd00000, 0x000000072dd00000, 0x000000072de00000|  0%| F|  |TAMS 0x000000072dd00000, 0x000000072dd00000| Untracked 
| 206|0x000000072de00000, 0x000000072de00000, 0x000000072df00000|  0%| F|  |TAMS 0x000000072de00000, 0x000000072de00000| Untracked 
| 207|0x000000072df00000, 0x000000072df00000, 0x000000072e000000|  0%| F|  |TAMS 0x000000072df00000, 0x000000072df00000| Untracked 
| 208|0x000000072e000000, 0x000000072e000000, 0x000000072e100000|  0%| F|  |TAMS 0x000000072e000000, 0x000000072e000000| Untracked 
| 209|0x000000072e100000, 0x000000072e100000, 0x000000072e200000|  0%| F|  |TAMS 0x000000072e100000, 0x000000072e100000| Untracked 
| 210|0x000000072e200000, 0x000000072e200000, 0x000000072e300000|  0%| F|  |TAMS 0x000000072e200000, 0x000000072e200000| Untracked 
| 211|0x000000072e300000, 0x000000072e300000, 0x000000072e400000|  0%| F|  |TAMS 0x000000072e300000, 0x000000072e300000| Untracked 
| 212|0x000000072e400000, 0x000000072e400000, 0x000000072e500000|  0%| F|  |TAMS 0x000000072e400000, 0x000000072e400000| Untracked 
| 213|0x000000072e500000, 0x000000072e500000, 0x000000072e600000|  0%| F|  |TAMS 0x000000072e500000, 0x000000072e500000| Untracked 
| 214|0x000000072e600000, 0x000000072e600000, 0x000000072e700000|  0%| F|  |TAMS 0x000000072e600000, 0x000000072e600000| Untracked 
| 215|0x000000072e700000, 0x000000072e700000, 0x000000072e800000|  0%| F|  |TAMS 0x000000072e700000, 0x000000072e700000| Untracked 
| 216|0x000000072e800000, 0x000000072e800000, 0x000000072e900000|  0%| F|  |TAMS 0x000000072e800000, 0x000000072e800000| Untracked 
| 217|0x000000072e900000, 0x000000072e900000, 0x000000072ea00000|  0%| F|  |TAMS 0x000000072e900000, 0x000000072e900000| Untracked 
| 218|0x000000072ea00000, 0x000000072ea00000, 0x000000072eb00000|  0%| F|  |TAMS 0x000000072ea00000, 0x000000072ea00000| Untracked 
| 219|0x000000072eb00000, 0x000000072eb00000, 0x000000072ec00000|  0%| F|  |TAMS 0x000000072eb00000, 0x000000072eb00000| Untracked 
| 220|0x000000072ec00000, 0x000000072ec00000, 0x000000072ed00000|  0%| F|  |TAMS 0x000000072ec00000, 0x000000072ec00000| Untracked 
| 221|0x000000072ed00000, 0x000000072ed00000, 0x000000072ee00000|  0%| F|  |TAMS 0x000000072ed00000, 0x000000072ed00000| Untracked 
| 222|0x000000072ee00000, 0x000000072ee00000, 0x000000072ef00000|  0%| F|  |TAMS 0x000000072ee00000, 0x000000072ee00000| Untracked 
| 223|0x000000072ef00000, 0x000000072ef00000, 0x000000072f000000|  0%| F|  |TAMS 0x000000072ef00000, 0x000000072ef00000| Untracked 

Card table byte_map: [0x000001a2a5e10000,0x000001a2a6510000] _byte_map_base: 0x000001a2a2508000

Marking Bits (Prev, Next): (CMBitMap*) 0x000001a292946c18, (CMBitMap*) 0x000001a292946c50
 Prev Bits: [0x000001a2a6c10000, 0x000001a2aa3d0000)
 Next Bits: [0x000001a2aa3d0000, 0x000001a2adb90000)

Polling page: 0x000001a2907d0000

Metaspace:

Usage:
  Non-class:     43.20 MB capacity,    42.91 MB (>99%) used,   229.41 KB ( <1%) free+waste,    70.50 KB ( <1%) overhead. 
      Class:      5.84 MB capacity,     5.64 MB ( 97%) used,   178.66 KB (  3%) free+waste,    29.38 KB ( <1%) overhead. 
       Both:     49.04 MB capacity,    48.54 MB ( 99%) used,   408.07 KB ( <1%) free+waste,    99.88 KB ( <1%) overhead. 

Virtual space:
  Non-class space:       44.00 MB reserved,      43.25 MB ( 98%) committed 
      Class space:        1.00 GB reserved,       5.88 MB ( <1%) committed 
             Both:        1.04 GB reserved,      49.13 MB (  5%) committed 

Chunk freelists:
   Non-Class:  53.00 KB
       Class:  4.00 KB
        Both:  57.00 KB

MaxMetaspaceSize: 17179869184.00 GB
CompressedClassSpaceSize: 1.00 GB

CodeHeap 'non-profiled nmethods': size=120000Kb used=1907Kb max_used=1907Kb free=118092Kb
 bounds [0x000001a29deb0000, 0x000001a29e120000, 0x000001a2a53e0000]
CodeHeap 'profiled nmethods': size=120000Kb used=8619Kb max_used=8619Kb free=111380Kb
 bounds [0x000001a296980000, 0x000001a2971f0000, 0x000001a29deb0000]
CodeHeap 'non-nmethods': size=5760Kb used=1207Kb max_used=1288Kb free=4552Kb
 bounds [0x000001a2963e0000, 0x000001a296650000, 0x000001a296980000]
 total_blobs=4732 nmethods=4178 adapters=464
 compilation: enabled
              stopped_count=0, restarted_count=0
 full_count=0

Compilation events (20 events):
Event: 3.252 Thread 0x000001a2b0fbb000 4181       1       org.jetbrains.kotlin.load.java.lazy.LazyJavaResolverContext::getTypeResolver (5 bytes)
Event: 3.252 Thread 0x000001a2b0fbb000 nmethod 4181 0x000001a29e087e10 code [0x000001a29e087fc0, 0x000001a29e088078]
Event: 3.254 Thread 0x000001a2b1114800 nmethod 4150 0x000001a29e088110 code [0x000001a29e0882c0, 0x000001a29e088798]
Event: 3.254 Thread 0x000001a2b1114800 4140       4       org.jetbrains.kotlin.name.FqNameUnsafe::asString (13 bytes)
Event: 3.254 Thread 0x000001a2b1114800 nmethod 4140 0x000001a29e088910 code [0x000001a29e088aa0, 0x000001a29e088b18]
Event: 3.254 Thread 0x000001a2b1114800 4107       4       org.jetbrains.kotlin.name.Name::asString (13 bytes)
Event: 3.255 Thread 0x000001a2b1114800 nmethod 4107 0x000001a29e088b90 code [0x000001a29e088d20, 0x000001a29e088d98]
Event: 3.255 Thread 0x000001a2b1114800 4179       4       kotlin.ranges.IntProgressionIterator::<init> (68 bytes)
Event: 3.255 Thread 0x000001a2b1114800 nmethod 4179 0x000001a29e088e10 code [0x000001a29e088fa0, 0x000001a29e089038]
Event: 3.255 Thread 0x000001a2b1114800 4138       4       java.util.HashMap::<init> (98 bytes)
Event: 3.256 Thread 0x000001a2b1114800 nmethod 4138 0x000001a29e089110 code [0x000001a29e0892a0, 0x000001a29e0893f8]
Event: 3.256 Thread 0x000001a2b1114800 4129       4       kotlin.LazyKt__LazyJVMKt::lazy (102 bytes)
Event: 3.257 Thread 0x000001a2b1115000 nmethod 4105 0x000001a29e089510 code [0x000001a29e089820, 0x000001a29e08ae48]
Event: 3.260 Thread 0x000001a2b1114800 nmethod 4129 0x000001a29e08bd90 code [0x000001a29e08bf60, 0x000001a29e08c4f8]
Event: 3.265 Thread 0x000001a2b0fbb000 4183       1       java.util.AbstractMap$SimpleImmutableEntry::getKey (5 bytes)
Event: 3.265 Thread 0x000001a2b0fbb000 nmethod 4183 0x000001a29e08c690 code [0x000001a29e08c840, 0x000001a29e08c8f8]
Event: 3.265 Thread 0x000001a2b0fbb000 4184       1       java.util.AbstractMap$SimpleImmutableEntry::getValue (5 bytes)
Event: 3.266 Thread 0x000001a2b0fbb000 nmethod 4184 0x000001a29e08c990 code [0x000001a29e08cb40, 0x000001a29e08cbf8]
Event: 3.266 Thread 0x000001a2b0fbb000 4185       3       org.jetbrains.kotlin.builtins.KotlinBuiltIns::classFqNameEquals (51 bytes)
Event: 3.266 Thread 0x000001a2b0fbb000 nmethod 4185 0x000001a2971ea290 code [0x000001a2971ea500, 0x000001a2971eab38]

GC Heap History (11 events):
Event: 0.460 GC heap before
{Heap before GC invocations=0 (full 0):
 garbage-first heap   total 229376K, used 27648K [0x0000000721000000, 0x0000000800000000)
  region size 1024K, 24 young (24576K), 0 survivors (0K)
 Metaspace       used 12303K, capacity 12341K, committed 12544K, reserved 1060864K
  class space    used 1157K, capacity 1174K, committed 1280K, reserved 1048576K
}
Event: 0.462 GC heap after
{Heap after GC invocations=1 (full 0):
 garbage-first heap   total 229376K, used 5974K [0x0000000721000000, 0x0000000800000000)
  region size 1024K, 3 young (3072K), 3 survivors (3072K)
 Metaspace       used 12303K, capacity 12341K, committed 12544K, reserved 1060864K
  class space    used 1157K, capacity 1174K, committed 1280K, reserved 1048576K
}
Event: 0.956 GC heap before
{Heap before GC invocations=1 (full 0):
 garbage-first heap   total 229376K, used 42838K [0x0000000721000000, 0x0000000800000000)
  region size 1024K, 40 young (40960K), 3 survivors (3072K)
 Metaspace       used 20982K, capacity 21147K, committed 21248K, reserved 1069056K
  class space    used 2215K, capacity 2278K, committed 2304K, reserved 1048576K
}
Event: 0.966 GC heap after
{Heap after GC invocations=2 (full 0):
 garbage-first heap   total 229376K, used 9447K [0x0000000721000000, 0x0000000800000000)
  region size 1024K, 7 young (7168K), 7 survivors (7168K)
 Metaspace       used 20982K, capacity 21147K, committed 21248K, reserved 1069056K
  class space    used 2215K, capacity 2278K, committed 2304K, reserved 1048576K
}
Event: 1.716 GC heap before
{Heap before GC invocations=3 (full 0):
 garbage-first heap   total 229376K, used 73959K [0x0000000721000000, 0x0000000800000000)
  region size 1024K, 58 young (59392K), 7 survivors (7168K)
 Metaspace       used 32430K, capacity 32913K, committed 33152K, reserved 1079296K
  class space    used 4031K, capacity 4211K, committed 4224K, reserved 1048576K
}
Event: 1.727 GC heap after
{Heap after GC invocations=4 (full 0):
 garbage-first heap   total 229376K, used 23661K [0x0000000721000000, 0x0000000800000000)
  region size 1024K, 8 young (8192K), 8 survivors (8192K)
 Metaspace       used 32430K, capacity 32913K, committed 33152K, reserved 1079296K
  class space    used 4031K, capacity 4211K, committed 4224K, reserved 1048576K
}
Event: 1.880 GC heap before
{Heap before GC invocations=4 (full 0):
 garbage-first heap   total 229376K, used 34925K [0x0000000721000000, 0x0000000800000000)
  region size 1024K, 20 young (20480K), 8 survivors (8192K)
 Metaspace       used 35028K, capacity 35452K, committed 35584K, reserved 1081344K
  class space    used 4320K, capacity 4503K, committed 4608K, reserved 1048576K
}
Event: 1.893 GC heap after
{Heap after GC invocations=5 (full 0):
 garbage-first heap   total 229376K, used 25299K [0x0000000721000000, 0x0000000800000000)
  region size 1024K, 6 young (6144K), 6 survivors (6144K)
 Metaspace       used 35028K, capacity 35452K, committed 35584K, reserved 1081344K
  class space    used 4320K, capacity 4503K, committed 4608K, reserved 1048576K
}
Event: 2.242 GC heap before
{Heap before GC invocations=6 (full 0):
 garbage-first heap   total 229376K, used 56019K [0x0000000721000000, 0x0000000800000000)
  region size 1024K, 36 young (36864K), 6 survivors (6144K)
 Metaspace       used 40779K, capacity 41187K, committed 41472K, reserved 1085440K
  class space    used 4867K, capacity 5025K, committed 5120K, reserved 1048576K
}
Event: 2.248 GC heap after
{Heap after GC invocations=7 (full 0):
 garbage-first heap   total 229376K, used 28194K [0x0000000721000000, 0x0000000800000000)
  region size 1024K, 5 young (5120K), 5 survivors (5120K)
 Metaspace       used 40779K, capacity 41187K, committed 41472K, reserved 1085440K
  class space    used 4867K, capacity 5025K, committed 5120K, reserved 1048576K
}
Event: 3.267 GC heap before
{Heap before GC invocations=7 (full 0):
 garbage-first heap   total 229376K, used 108066K [0x0000000721000000, 0x0000000800000000)
  region size 1024K, 82 young (83968K), 5 survivors (5120K)
 Metaspace       used 49707K, capacity 50215K, committed 50304K, reserved 1093632K
  class space    used 5771K, capacity 5980K, committed 6016K, reserved 1048576K
}

Deoptimization events (20 events):
Event: 2.968 Thread 0x000001a2928ed800 DEOPT PACKING pc=0x000001a29e0030ec sp=0x000000407ddfa620
Event: 2.968 Thread 0x000001a2928ed800 DEOPT UNPACKING pc=0x000001a296407b2f sp=0x000000407ddfa5b8 mode 2
Event: 2.968 Thread 0x000001a2928ed800 Uncommon trap: trap_request=0xffffffde fr.pc=0x000001a29e0030ec relative=0x00000000000003ac
Event: 2.969 Thread 0x000001a2928ed800 Uncommon trap: reason=class_check action=maybe_recompile pc=0x000001a29e0030ec method=kotlin.SynchronizedLazyImpl.getValue()Ljava/lang/Object; @ 57 c2
Event: 2.969 Thread 0x000001a2928ed800 DEOPT PACKING pc=0x000001a29e0030ec sp=0x000000407ddfa380
Event: 2.969 Thread 0x000001a2928ed800 DEOPT UNPACKING pc=0x000001a296407b2f sp=0x000000407ddfa318 mode 2
Event: 3.012 Thread 0x000001a2928ed800 Uncommon trap: trap_request=0xffffff4d fr.pc=0x000001a29dfffa24 relative=0x0000000000000ba4
Event: 3.012 Thread 0x000001a2928ed800 Uncommon trap: reason=unstable_if action=reinterpret pc=0x000001a29dfffa24 method=gnu.trove.TObjectHash.insertionIndex(Ljava/lang/Object;)I @ 65 c2
Event: 3.012 Thread 0x000001a2928ed800 DEOPT PACKING pc=0x000001a29dfffa24 sp=0x000000407ddfd2c0
Event: 3.012 Thread 0x000001a2928ed800 DEOPT UNPACKING pc=0x000001a296407b2f sp=0x000000407ddfd260 mode 2
Event: 3.098 Thread 0x000001a2928ed800 DEOPT PACKING pc=0x000001a296ebebff sp=0x000000407ddfbf30
Event: 3.098 Thread 0x000001a2928ed800 DEOPT UNPACKING pc=0x000001a29640794e sp=0x000000407ddfb380 mode 0
Event: 3.218 Thread 0x000001a2928ed800 Uncommon trap: trap_request=0xfffffff4 fr.pc=0x000001a29e0794e8 relative=0x0000000000000048
Event: 3.218 Thread 0x000001a2928ed800 Uncommon trap: reason=null_check action=make_not_entrant pc=0x000001a29e0794e8 method=org.jetbrains.kotlin.utils.WrappedValues.unescapeThrowable(Ljava/lang/Object;)Ljava/lang/Object; @ 1 c2
Event: 3.218 Thread 0x000001a2928ed800 DEOPT PACKING pc=0x000001a29e0794e8 sp=0x000000407ddfe0a0
Event: 3.218 Thread 0x000001a2928ed800 DEOPT UNPACKING pc=0x000001a296407b2f sp=0x000000407ddfe020 mode 2
Event: 3.251 Thread 0x000001a2928ed800 Uncommon trap: trap_request=0xffffff4d fr.pc=0x000001a29e05f788 relative=0x0000000000007a88
Event: 3.251 Thread 0x000001a2928ed800 Uncommon trap: reason=unstable_if action=reinterpret pc=0x000001a29e05f788 method=org.jetbrains.kotlin.load.java.structure.impl.classFiles.BinaryJavaClass.visitMethod(ILjava/lang/String;Ljava/lang/String;Ljava/lang/String;[Ljava/lang/String;)Lorg/jetbrain
Event: 3.251 Thread 0x000001a2928ed800 DEOPT PACKING pc=0x000001a29e05f788 sp=0x000000407ddf9b30
Event: 3.251 Thread 0x000001a2928ed800 DEOPT UNPACKING pc=0x000001a296407b2f sp=0x000000407ddf9a60 mode 2

Classes redefined (0 events):
No events

Internal exceptions (20 events):
Event: 1.144 Thread 0x000001a2928ed800 Exception <a 'java/lang/NoSuchMethodError'{0x000000072e5c9d78}: 'java.lang.Object java.lang.invoke.DirectMethodHandle$Holder.invokeStatic(java.lang.Object, java.lang.Object, java.lang.Object, java.lang.Object, java.lang.Object, java.lang.Object, java.lang.Object, java.lang.Object, java.lang.Object, java.lang.Object, java.lang.Object, java.lang.Object, java.lang.Object, java.lang.Object, java.lang.Object, java.lang.Object)'> (0x000000072e5c9d78) thrown at [./src/hotspot/share/interpreter/linkResolver.cpp, l
Event: 1.145 Thread 0x000001a2928ed800 Exception <a 'java/lang/NoSuchMethodError'{0x000000072e5d7c90}: 'java.lang.Object java.lang.invoke.DirectMethodHandle$Holder.invokeSpecial(java.lang.Object, java.lang.Object, int, int, java.lang.Object, java.lang.Object, java.lang.Object)'> (0x000000072e5d7c90) thrown at [./src/hotspot/share/interpreter/linkResolver.cpp, line 773]
Event: 1.145 Thread 0x000001a2928ed800 Exception <a 'java/lang/NoSuchMethodError'{0x000000072e5db4c8}: 'java.lang.Object java.lang.invoke.DelegatingMethodHandle$Holder.reinvoke_L(java.lang.Object, int, int, java.lang.Object, java.lang.Object, java.lang.Object)'> (0x000000072e5db4c8) thrown at [./src/hotspot/share/interpreter/linkResolver.cpp, line 773]
Event: 1.146 Thread 0x000001a2928ed800 Exception <a 'java/lang/NoSuchMethodError'{0x000000072e5df850}: 'java.lang.Object java.lang.invoke.DirectMethodHandle$Holder.invokeStatic(java.lang.Object, java.lang.Object, java.lang.Object, java.lang.Object, int)'> (0x000000072e5df850) thrown at [./src/hotspot/share/interpreter/linkResolver.cpp, line 773]
Event: 1.181 Thread 0x000001a2928ed800 Implicit null exception at 0x000001a29df388ac to 0x000001a29df38a5a
Event: 1.210 Thread 0x000001a2928ed800 Exception <a 'java/lang/NoSuchMethodError'{0x000000072df5da90}: 'void java.lang.invoke.DirectMethodHandle$Holder.invokeStatic(java.lang.Object, java.lang.Object, java.lang.Object, java.lang.Object)'> (0x000000072df5da90) thrown at [./src/hotspot/share/interpreter/linkResolver.cpp, line 773]
Event: 1.226 Thread 0x000001a2928ed800 Exception <a 'java/lang/NoSuchMethodError'{0x000000072deae1b0}: 'void java.lang.invoke.DirectMethodHandle$Holder.invokeSpecial(java.lang.Object, java.lang.Object)'> (0x000000072deae1b0) thrown at [./src/hotspot/share/interpreter/linkResolver.cpp, line 773]
Event: 1.254 Thread 0x000001a2928ed800 Exception <a 'java/lang/NoSuchMethodError'{0x000000072db50228}: 'void java.lang.invoke.DirectMethodHandle$Holder.invokeStaticInit(java.lang.Object, java.lang.Object)'> (0x000000072db50228) thrown at [./src/hotspot/share/interpreter/linkResolver.cpp, line 773]
Event: 1.261 Thread 0x000001a2928ed800 Exception <a 'java/lang/NoSuchMethodError'{0x000000072db8f100}: 'void java.lang.invoke.DirectMethodHandle$Holder.invokeInterface(java.lang.Object, java.lang.Object)'> (0x000000072db8f100) thrown at [./src/hotspot/share/interpreter/linkResolver.cpp, line 773]
Event: 1.318 Thread 0x000001a2928ed800 Exception <a 'java/lang/NoSuchMethodError'{0x000000072d7a7050}: 'void java.lang.invoke.DirectMethodHandle$Holder.invokeVirtual(java.lang.Object, java.lang.Object)'> (0x000000072d7a7050) thrown at [./src/hotspot/share/interpreter/linkResolver.cpp, line 773]
Event: 1.327 Thread 0x000001a2928ed800 Exception <a 'java/lang/NoSuchMethodError'{0x000000072d61e880}: 'int java.lang.invoke.DirectMethodHandle$Holder.invokeVirtual(java.lang.Object, java.lang.Object)'> (0x000000072d61e880) thrown at [./src/hotspot/share/interpreter/linkResolver.cpp, line 773]
Event: 1.834 Thread 0x000001a2928ed800 Exception <a 'java/lang/NoSuchMethodError'{0x000000072e731cc8}: 'java.lang.Object java.lang.invoke.DirectMethodHandle$Holder.invokeVirtual(java.lang.Object, java.lang.Object, java.lang.Object)'> (0x000000072e731cc8) thrown at [./src/hotspot/share/interpreter/linkResolver.cpp, line 773]
Event: 2.360 Thread 0x000001a2928ed800 Exception <a 'java/lang/NoSuchMethodError'{0x000000072e942a30}: 'java.lang.Object java.lang.invoke.DirectMethodHandle$Holder.invokeStatic(java.lang.Object, java.lang.Object, java.lang.Object, int)'> (0x000000072e942a30) thrown at [./src/hotspot/share/interpreter/linkResolver.cpp, line 773]
Event: 2.360 Thread 0x000001a2928ed800 Exception <a 'java/lang/NoSuchMethodError'{0x000000072e9466a0}: 'java.lang.Object java.lang.invoke.DirectMethodHandle$Holder.invokeSpecial(java.lang.Object, java.lang.Object, java.lang.Object, java.lang.Object, int)'> (0x000000072e9466a0) thrown at [./src/hotspot/share/interpreter/linkResolver.cpp, line 773]
Event: 2.360 Thread 0x000001a2928ed800 Exception <a 'java/lang/NoSuchMethodError'{0x000000072e9499b0}: 'java.lang.Object java.lang.invoke.Invokers$Holder.linkToTargetMethod(java.lang.Object, java.lang.Object, int, java.lang.Object)'> (0x000000072e9499b0) thrown at [./src/hotspot/share/interpreter/linkResolver.cpp, line 773]
Event: 2.515 Thread 0x000001a2928ed800 Exception <a 'java/lang/NoSuchMethodError'{0x000000072e156570}: 'java.lang.Object java.lang.invoke.Invokers$Holder.linkToTargetMethod(java.lang.Object, int, java.lang.Object)'> (0x000000072e156570) thrown at [./src/hotspot/share/interpreter/linkResolver.cpp, line 773]
Event: 3.069 Thread 0x000001a2928ed800 Exception <a 'java/lang/NoSuchMethodError'{0x000000072ae798e0}: 'java.lang.Object java.lang.invoke.DirectMethodHandle$Holder.invokeSpecial(java.lang.Object, java.lang.Object, java.lang.Object, java.lang.Object, java.lang.Object, java.lang.Object, java.lang.Object, java.lang.Object, java.lang.Object)'> (0x000000072ae798e0) thrown at [./src/hotspot/share/interpreter/linkResolver.cpp, line 773]
Event: 3.069 Thread 0x000001a2928ed800 Exception <a 'java/lang/NoSuchMethodError'{0x000000072ae7dad8}: 'java.lang.Object java.lang.invoke.Invokers$Holder.linkToTargetMethod(java.lang.Object, java.lang.Object, java.lang.Object, java.lang.Object, java.lang.Object, java.lang.Object, java.lang.Object, java.lang.Object)'> (0x000000072ae7dad8) thrown at [./src/hotspot/share/interpreter/linkResolver.cpp, line 773]
Event: 3.218 Thread 0x000001a2928ed800 Implicit null exception at 0x000001a29e0794af to 0x000001a29e0794dc
Event: 3.263 Thread 0x000001a2928ed800 Exception <a 'java/lang/NoSuchMethodError'{0x0000000729ec2c18}: 'java.lang.Object java.lang.invoke.DirectMethodHandle$Holder.invokeStaticInit(java.lang.Object, java.lang.Object, java.lang.Object)'> (0x0000000729ec2c18) thrown at [./src/hotspot/share/interpreter/linkResolver.cpp, line 773]

Events (20 events):
Event: 3.264 loading class org/jetbrains/kotlin/resolve/jvm/AsmTypes$1 done
Event: 3.264 loading class org/jetbrains/kotlin/resolve/jvm/jvmSignature/JvmMethodParameterSignature
Event: 3.264 loading class org/jetbrains/kotlin/resolve/jvm/jvmSignature/JvmMethodParameterSignature done
Event: 3.264 loading class org/jetbrains/kotlin/load/kotlin/TypeMappingMode$WhenMappings
Event: 3.264 loading class org/jetbrains/kotlin/load/kotlin/TypeMappingMode$WhenMappings done
Event: 3.264 loading class org/jetbrains/kotlin/codegen/AsmUtil
Event: 3.264 loading class org/jetbrains/kotlin/codegen/AsmUtil done
Event: 3.266 loading class org/jetbrains/kotlin/descriptors/impl/FunctionExpressionDescriptor
Event: 3.266 loading class org/jetbrains/kotlin/descriptors/impl/FunctionExpressionDescriptor done
Event: 3.266 loading class org/jetbrains/kotlin/load/java/SpecialBuiltinMembers
Event: 3.266 loading class org/jetbrains/kotlin/load/java/SpecialBuiltinMembers done
Event: 3.266 loading class org/jetbrains/kotlin/descriptors/ScriptDescriptor
Event: 3.266 loading class org/jetbrains/kotlin/descriptors/ScriptDescriptor done
Event: 3.266 loading class org/jetbrains/kotlin/codegen/state/InlineClassManglingUtilsKt
Event: 3.266 loading class org/jetbrains/kotlin/codegen/state/InlineClassManglingUtilsKt done
Event: 3.267 loading class org/jetbrains/org/objectweb/asm/commons/Method
Event: 3.267 loading class org/jetbrains/org/objectweb/asm/commons/Method done
Event: 3.267 loading class org/jetbrains/kotlin/resolve/jvm/jvmSignature/JvmMethodGenericSignature
Event: 3.267 loading class org/jetbrains/kotlin/resolve/jvm/jvmSignature/JvmMethodGenericSignature done
Event: 3.267 Executing VM operation: G1CollectForAllocation


Dynamic libraries:
0x00007ff77f620000 - 0x00007ff77f62a000 	C:\Program Files\Android\Android Studio\jre\bin\java.exe
0x00007ffcdc050000 - 0x00007ffcdc245000 	C:\WINDOWS\SYSTEM32\ntdll.dll
0x00007ffcdb840000 - 0x00007ffcdb8fe000 	C:\WINDOWS\System32\KERNEL32.DLL
0x00007ffcd9be0000 - 0x00007ffcd9ea9000 	C:\WINDOWS\System32\KERNELBASE.dll
0x00007ffcd9850000 - 0x00007ffcd9950000 	C:\WINDOWS\System32\ucrtbase.dll
0x00007ffcc5f00000 - 0x00007ffcc5f19000 	C:\Program Files\Android\Android Studio\jre\bin\jli.dll
0x00007ffcc18c0000 - 0x00007ffcc18d7000 	C:\Program Files\Android\Android Studio\jre\bin\VCRUNTIME140.dll
0x00007ffcdb900000 - 0x00007ffcdbaa1000 	C:\WINDOWS\System32\USER32.dll
0x00007ffcc95e0000 - 0x00007ffcc987a000 	C:\WINDOWS\WinSxS\amd64_microsoft.windows.common-controls_6595b64144ccf1df_6.0.19041.1110_none_60b5254171f9507e\COMCTL32.dll
0x00007ffcd9820000 - 0x00007ffcd9842000 	C:\WINDOWS\System32\win32u.dll
0x00007ffcdaf80000 - 0x00007ffcdb01e000 	C:\WINDOWS\System32\msvcrt.dll
0x00007ffcdb520000 - 0x00007ffcdb54b000 	C:\WINDOWS\System32\GDI32.dll
0x00007ffcd9ad0000 - 0x00007ffcd9bdb000 	C:\WINDOWS\System32\gdi32full.dll
0x00007ffcd99a0000 - 0x00007ffcd9a3d000 	C:\WINDOWS\System32\msvcp_win.dll
0x00007ffcdb360000 - 0x00007ffcdb390000 	C:\WINDOWS\System32\IMM32.DLL
0x00007ffcb37b0000 - 0x00007ffcb384d000 	C:\Program Files\Android\Android Studio\jre\bin\msvcp140.dll
0x00007ffcaef90000 - 0x00007ffcafa5f000 	C:\Program Files\Android\Android Studio\jre\bin\server\jvm.dll
0x00007ffcdbe10000 - 0x00007ffcdbebc000 	C:\WINDOWS\System32\ADVAPI32.dll
0x00007ffcdb160000 - 0x00007ffcdb1fb000 	C:\WINDOWS\System32\sechost.dll
0x00007ffcdbed0000 - 0x00007ffcdbffa000 	C:\WINDOWS\System32\RPCRT4.dll
0x00007ffcdc000000 - 0x00007ffcdc008000 	C:\WINDOWS\System32\PSAPI.DLL
0x00007ffccf050000 - 0x00007ffccf077000 	C:\WINDOWS\SYSTEM32\WINMM.dll
0x00007ffcca8c0000 - 0x00007ffcca8c9000 	C:\WINDOWS\SYSTEM32\WSOCK32.dll
0x00007ffcd85b0000 - 0x00007ffcd85ba000 	C:\WINDOWS\SYSTEM32\VERSION.dll
0x00007ffcdb4b0000 - 0x00007ffcdb51b000 	C:\WINDOWS\System32\WS2_32.dll
0x00007ffcd8570000 - 0x00007ffcd8582000 	C:\WINDOWS\SYSTEM32\kernel.appcore.dll
0x00007ffcd3a60000 - 0x00007ffcd3a71000 	C:\Program Files\Android\Android Studio\jre\bin\verify.dll
0x00007ffcd1b00000 - 0x00007ffcd1ce4000 	C:\WINDOWS\SYSTEM32\DBGHELP.DLL
0x00007ffcd1810000 - 0x00007ffcd183c000 	C:\WINDOWS\SYSTEM32\dbgcore.DLL
0x00007ffcd9eb0000 - 0x00007ffcd9f33000 	C:\WINDOWS\System32\bcryptPrimitives.dll
0x00007ffcd1720000 - 0x00007ffcd1749000 	C:\Program Files\Android\Android Studio\jre\bin\java.dll
0x00007ffcd3b10000 - 0x00007ffcd3b1b000 	C:\Program Files\Android\Android Studio\jre\bin\jimage.dll
0x00007ffcd3240000 - 0x00007ffcd3258000 	C:\Program Files\Android\Android Studio\jre\bin\zip.dll
0x00007ffcda780000 - 0x00007ffcdaebf000 	C:\WINDOWS\System32\SHELL32.dll
0x00007ffcd7de0000 - 0x00007ffcd8570000 	C:\WINDOWS\SYSTEM32\windows.storage.dll
0x00007ffcdbab0000 - 0x00007ffcdbe05000 	C:\WINDOWS\System32\combase.dll
0x00007ffcd91c0000 - 0x00007ffcd91ec000 	C:\WINDOWS\SYSTEM32\Wldp.dll
0x00007ffcdb5e0000 - 0x00007ffcdb68d000 	C:\WINDOWS\System32\SHCORE.dll
0x00007ffcdaf20000 - 0x00007ffcdaf75000 	C:\WINDOWS\System32\shlwapi.dll
0x00007ffcd96b0000 - 0x00007ffcd96cf000 	C:\WINDOWS\SYSTEM32\profapi.dll
0x00007ffcd1640000 - 0x00007ffcd165a000 	C:\Program Files\Android\Android Studio\jre\bin\net.dll
0x00007ffcd4260000 - 0x00007ffcd4368000 	C:\WINDOWS\SYSTEM32\WINHTTP.dll
0x00007ffcd8f20000 - 0x00007ffcd8f8a000 	C:\WINDOWS\system32\mswsock.dll
0x00007ffcd1370000 - 0x00007ffcd1384000 	C:\Program Files\Android\Android Studio\jre\bin\nio.dll

dbghelp: loaded successfully - version: 4.0.5 - missing functions: none
symbol engine: initialized successfully - sym options: 0x614 - pdb path: .;C:\Program Files\Android\Android Studio\jre\bin;C:\WINDOWS\SYSTEM32;C:\WINDOWS\WinSxS\amd64_microsoft.windows.common-controls_6595b64144ccf1df_6.0.19041.1110_none_60b5254171f9507e;C:\Program Files\Android\Android Studio\jre\bin\server

VM Arguments:
java_command: org.jetbrains.kotlin.cli.jvm.K2JVMCompiler @C:\Users\Corbin\AndroidStudioProjects\MyApplication\app\build\20211017_9332036659406031735.compiler.options
java_class_path (initial): C:\Users\Corbin\.gradle\caches\modules-2\files-2.1\org.jetbrains.kotlin\kotlin-compiler-embeddable\1.5.31\cc18c29253541dc57c25c3ef514d63c7953ae1a6\kotlin-compiler-embeddable-1.5.31.jar;C:\Users\Corbin\.gradle\caches\modules-2\files-2.1\org.jetbrains.kotlin\kotlin-reflect\1.5.31\1523fcd842a47da0820cea772b19c51056fec8a9\kotlin-reflect-1.5.31.jar;C:\Users\Corbin\.gradle\caches\modules-2\files-2.1\org.jetbrains.kotlin\kotlin-stdlib\1.5.31\6628d61d0f5603568e72d2d5915d2c034b4f1c55\kotlin-stdlib-1.5.31.jar;C:\Users\Corbin\.gradle\caches\modules-2\files-2.1\org.jetbrains.kotlin\kotlin-script-runtime\1.5.31\aaea854be2cfc06373dfc11be5a6ba9ca5ca84a6\kotlin-script-runtime-1.5.31.jar;C:\Users\Corbin\.gradle\caches\modules-2\files-2.1\org.jetbrains.kotlin\kotlin-daemon-embeddable\1.5.31\d19b549661e28c62781683dc7c7e34bf416974f1\kotlin-daemon-embeddable-1.5.31.jar;C:\Users\Corbin\.gradle\caches\modules-2\files-2.1\org.jetbrains.intellij.deps\trove4j\1.0.20181211\216c2e14b070f334479d800987affe4054cd563f\trove4j-1.0.20181211.jar;C:\Users\Corbin\.gradle\caches\modules-2\files-2.1\org.jetbrains\annotations\13.0\919f0dfe192fb4e063e7dacadee7f8bb9a2672a9\annotations-13.0.jar;C:\Users\Corbin\.gradle\caches\modules-2\files-2.1\org.jetbrains.kotlin\kotlin-stdlib-common\1.5.31\43331609c7de811fed085e0dfd150874b157c32\kotlin-stdlib-common-1.5.31.jar
Launcher Type: SUN_STANDARD

[Global flags]
     intx CICompilerCount                          = 4                                         {product} {ergonomic}
     uint ConcGCThreads                            = 2                                         {product} {ergonomic}
     uint G1ConcRefinementThreads                  = 8                                         {product} {ergonomic}
   size_t G1HeapRegionSize                         = 1048576                                   {product} {ergonomic}
    uintx GCDrainStackTargetSize                   = 64                                        {product} {ergonomic}
   size_t InitialHeapSize                          = 234881024                                 {product} {ergonomic}
   size_t MarkStackSize                            = 4194304                                   {product} {ergonomic}
   size_t MaxHeapSize                              = 3741319168                                {product} {ergonomic}
   size_t MaxNewSize                               = 2243952640                                {product} {ergonomic}
   size_t MinHeapDeltaBytes                        = 1048576                                   {product} {ergonomic}
    uintx NonNMethodCodeHeapSize                   = 5836300                                {pd product} {ergonomic}
    uintx NonProfiledCodeHeapSize                  = 122910970                              {pd product} {ergonomic}
    uintx ProfiledCodeHeapSize                     = 122910970                              {pd product} {ergonomic}
    uintx ReservedCodeCacheSize                    = 251658240                              {pd product} {ergonomic}
     bool SegmentedCodeCache                       = true                                      {product} {ergonomic}
     bool UseCompressedClassPointers               = true                                 {lp64_product} {ergonomic}
     bool UseCompressedOops                        = true                                 {lp64_product} {ergonomic}
     bool UseG1GC                                  = true                                      {product} {ergonomic}
     bool UseLargePagesIndividualAllocation        = false                                  {pd product} {ergonomic}

Logging:
Log output configuration:
 #0: stdout all=warning uptime,level,tags
 #1: stderr all=off uptime,level,tags

Environment Variables:
PATH=C:\Program Files\Python37\Scripts\;C:\Program Files\Python37\;C:\Python27\;C:\Python27\Scripts;C:\Program Files (x86)\Common Files\Oracle\Java\javapath;C:\Program Files (x86)\Razer Chroma SDK\bin;C:\Program Files\Razer Chroma SDK\bin;C:\Program Files (x86)\Razer\ChromaBroadcast\bin;C:\Program Files\Razer\ChromaBroadcast\bin;C:\Program Files (x86)\NVIDIA Corporation\PhysX\Common;C:\ProgramData\Oracle\Java\javapath;C:\WINDOWS\system32;C:\WINDOWS;C:\WINDOWS\System32\Wbem;C:\WINDOWS\System32\WindowsPowerShell\v1.0\;C:\Program Files (x86)\GtkSharp\2.12\bin;C:\WINDOWS\System32\OpenSSH\;C:\Program Files\Java\jdk1.8.0_91\bin;C:\Users\Corbin\AppData\Local\Microsoft\WindowsApps;C:\WINDOWS\system32\config\systemprofile\AppData\Local\Microsoft\WindowsApps;C:\Program Files\PuTTY\;C:\Program Files\Git\cmd;C:\MinGW\bin;C:\Program Files\nodejs\;C:\Program Files\MongoDB\Server\4.4\bin\;C:\Program Files\MongoDB\Server\mongodb-database-tools-windows-x86_64-100.2.1\bin;;C:\WINDOWS\system32;C:\WINDOWS;C:\WINDOWS\System32\Wbem;C:\WINDOWS\System32\WindowsPowerShell\v1.0\;C:\WINDOWS\System32\OpenSSH\;C:\Program Files\dotnet\;C:\Program Files\Microsoft SQL Server\130\Tools\Binn\;C:\Program Files\remoteit\resources\x64;C:\Program Files\MySQL\MySQL Shell 8.0\bin\;C:\Users\Corbin\AppData\Local\Programs\Python\Python39\Scripts\;C:\Users\Corbin\AppData\Local\Programs\Python\Python39\;C:\Program Files\Java\jdk1.8.0_91\bin;C:\Users\Corbin\AppData\Local\Microsoft\WindowsApps;C:\Program Files\JetBrains\PyCharm Community Edition 2020.2.3\bin;;C:\MinGW\bin;C:\Users\Corbin\AppData\Roaming\npm;C:\Program Files\MongoDB\Server\4.4\bin\;C:\Program Files\heroku\bin;C:\Users\Corbin\.ebcli-virtual-env\executables;C:\Users\Corbin\.dotnet\tools
USERNAME=Corbin
OS=Windows_NT
PROCESSOR_IDENTIFIER=Intel64 Family 6 Model 60 Stepping 3, GenuineIntel



---------------  S Y S T E M  ---------------

OS: Windows 10 , 64 bit Build 19041 (10.0.19041.1202)
OS uptime: 2 days 5:27 hours

CPU:total 8 (initial active 8) (4 cores per cpu, 2 threads per core) family 6 model 60 stepping 3 microcode 0x27, cmov, cx8, fxsr, mmx, sse, sse2, sse3, ssse3, sse4.1, sse4.2, popcnt, avx, avx2, aes, clmul, erms, lzcnt, ht, tsc, tscinvbit, bmi1, bmi2, fma

Memory: 4k page, system-wide physical 14264M (583M free)
TotalPageFile size 20264M (AvailPageFile size 51M)
current process WorkingSet (physical memory assigned to process): 287M, peak: 287M
current process commit charge ("private bytes"): 431M, peak: 482M

vm_info: OpenJDK 64-Bit Server VM (11.0.10+0-b96-7249189) for windows-amd64 JRE (11.0.10+0-b96-7249189), built on Mar 31 2021 21:44:00 by "builder" with MS VC++ 14.0 (VS2015)

END.
