#
# There is insufficient memory for the Java Runtime Environment to continue.
# Native memory allocation (malloc) failed to allocate 1853936 bytes for Chunk::new
# Possible reasons:
#   The system is out of physical RAM or swap space
#   The process is running with CompressedOops enabled, and the Java Heap may be blocking the growth of the native heap
# Possible solutions:
#   Reduce memory load on the system
#   Increase physical memory or swap space
#   Check if swap backing store is full
#   Decrease Java heap size (-Xmx/-Xms)
#   Decrease number of Java threads
#   Decrease Java thread stack sizes (-Xss)
#   Set larger code cache with -XX:ReservedCodeCacheSize=
#   JVM is running with Zero Based Compressed Oops mode in which the Java heap is
#     placed in the first 32GB address space. The Java Heap base address is the
#     maximum limit for the native heap growth. Please use -XX:HeapBaseMinAddress
#     to set the Java Heap base and to place the Java Heap above 32GB virtual address.
# This output file may be truncated or incomplete.
#
#  Out of Memory Error (./src/hotspot/share/memory/arena.cpp:197), pid=17124, tid=7636
#
# JRE version: OpenJDK Runtime Environment (11.0.10) (build 11.0.10+0-b96-7249189)
# Java VM: OpenJDK 64-Bit Server VM (11.0.10+0-b96-7249189, mixed mode, tiered, compressed oops, g1 gc, windows-amd64)
# No core dump will be written. Minidumps are not enabled by default on client versions of Windows
#

---------------  S U M M A R Y ------------

Command Line: org.jetbrains.kotlin.cli.jvm.K2JVMCompiler @C:\Users\Corbin\AndroidStudioProjects\MyApplication\app\build\20211017_13870241532428542272.compiler.options

Host: Intel(R) Core(TM) i7-4790K CPU @ 4.00GHz, 8 cores, 13G,  Windows 10 , 64 bit Build 19041 (10.0.19041.1202)
Time: Sun Oct 17 14:34:15 2021 Central Daylight Time elapsed time: 3.109210 seconds (0d 0h 0m 3s)

---------------  T H R E A D  ---------------

Current thread (0x0000026f37dd2000):  JavaThread "C2 CompilerThread1" daemon [_thread_in_native, id=7636, stack(0x000000f025e00000,0x000000f025f00000)]


Current CompileTask:
C2:   3109 2962       4       java.lang.ClassLoader::loadClass (7 bytes)

Stack: [0x000000f025e00000,0x000000f025f00000]
Native frames: (J=compiled Java code, j=interpreted, Vv=VM code, C=native code)
V  [jvm.dll+0x5ecfaa]
V  [jvm.dll+0x722bd5]
V  [jvm.dll+0x72412d]
V  [jvm.dll+0x7247e3]
V  [jvm.dll+0x242928]
V  [jvm.dll+0xbc4fc]
V  [jvm.dll+0xbca0c]
V  [jvm.dll+0x352d7d]
V  [jvm.dll+0x19800c]
V  [jvm.dll+0x1fb70e]
V  [jvm.dll+0x1fa7f4]
V  [jvm.dll+0x18354c]
V  [jvm.dll+0x208ee7]
V  [jvm.dll+0x207731]
V  [jvm.dll+0x6eb1cf]
V  [jvm.dll+0x6e3d45]
V  [jvm.dll+0x5ebe96]
C  [ucrtbase.dll+0x21bb2]
C  [KERNEL32.DLL+0x17034]
C  [ntdll.dll+0x52651]


---------------  P R O C E S S  ---------------

Threads class SMR info:
_java_thread_list=0x0000026f37396780, length=12, elements={
0x0000026f1768f000, 0x0000026f37c00800, 0x0000026f37c0e000, 0x0000026f37c22000,
0x0000026f37c24000, 0x0000026f37c25000, 0x0000026f37c28000, 0x0000026f37c6f800,
0x0000026f37c8a800, 0x0000026f37dd4800, 0x0000026f37dd2000, 0x0000026f37dd0800
}

Java Threads: ( => current thread )
  0x0000026f1768f000 JavaThread "main" [_thread_in_Java, id=19864, stack(0x000000f024d00000,0x000000f024e00000)]
  0x0000026f37c00800 JavaThread "Reference Handler" daemon [_thread_blocked, id=18896, stack(0x000000f025400000,0x000000f025500000)]
  0x0000026f37c0e000 JavaThread "Finalizer" daemon [_thread_blocked, id=1944, stack(0x000000f025500000,0x000000f025600000)]
  0x0000026f37c22000 JavaThread "Signal Dispatcher" daemon [_thread_blocked, id=19280, stack(0x000000f025600000,0x000000f025700000)]
  0x0000026f37c24000 JavaThread "Attach Listener" daemon [_thread_blocked, id=13456, stack(0x000000f025700000,0x000000f025800000)]
  0x0000026f37c25000 JavaThread "Service Thread" daemon [_thread_blocked, id=14248, stack(0x000000f025800000,0x000000f025900000)]
  0x0000026f37c28000 JavaThread "C2 CompilerThread0" daemon [_thread_in_native, id=19816, stack(0x000000f025900000,0x000000f025a00000)]
  0x0000026f37c6f800 JavaThread "C1 CompilerThread0" daemon [_thread_in_native, id=19276, stack(0x000000f025a00000,0x000000f025b00000)]
  0x0000026f37c8a800 JavaThread "Sweeper thread" daemon [_thread_blocked, id=17192, stack(0x000000f025b00000,0x000000f025c00000)]
  0x0000026f37dd4800 JavaThread "Common-Cleaner" daemon [_thread_blocked, id=12204, stack(0x000000f025d00000,0x000000f025e00000)]
=>0x0000026f37dd2000 JavaThread "C2 CompilerThread1" daemon [_thread_in_native, id=7636, stack(0x000000f025e00000,0x000000f025f00000)]
  0x0000026f37dd0800 JavaThread "C2 CompilerThread2" daemon [_thread_in_native, id=15740, stack(0x000000f025f00000,0x000000f026000000)]

Other Threads:
  0x0000026f37bfe000 VMThread "VM Thread" [stack: 0x000000f025300000,0x000000f025400000] [id=17496]
  0x0000026f37dcf000 WatcherThread [stack: 0x000000f025c00000,0x000000f025d00000] [id=16356]
  0x0000026f176a8000 GCTaskThread "GC Thread#0" [stack: 0x000000f024e00000,0x000000f024f00000] [id=8044]
  0x0000026f38556800 GCTaskThread "GC Thread#1" [stack: 0x000000f026000000,0x000000f026100000] [id=11236]
  0x0000026f383f7000 GCTaskThread "GC Thread#2" [stack: 0x000000f026100000,0x000000f026200000] [id=9036]
  0x0000026f38426000 GCTaskThread "GC Thread#3" [stack: 0x000000f026200000,0x000000f026300000] [id=15488]
  0x0000026f38427000 GCTaskThread "GC Thread#4" [stack: 0x000000f026300000,0x000000f026400000] [id=18504]
  0x0000026f176f8800 ConcurrentGCThread "G1 Main Marker" [stack: 0x000000f024f00000,0x000000f025000000] [id=2752]
  0x0000026f176fa000 ConcurrentGCThread "G1 Conc#0" [stack: 0x000000f025000000,0x000000f025100000] [id=11360]
  0x0000026f393d5800 ConcurrentGCThread "G1 Conc#1" [stack: 0x000000f026400000,0x000000f026500000] [id=10352]
  0x0000026f3723b000 ConcurrentGCThread "G1 Refine#0" [stack: 0x000000f025100000,0x000000f025200000] [id=10268]
  0x0000026f3c65e800 ConcurrentGCThread "G1 Refine#1" [stack: 0x000000f026500000,0x000000f026600000] [id=15232]
  0x0000026f3723c000 ConcurrentGCThread "G1 Young RemSet Sampling" [stack: 0x000000f025200000,0x000000f025300000] [id=15888]

Threads with active compile tasks:
C2 CompilerThread0   3126 2992       4       jdk.internal.loader.ClassLoaders$AppClassLoader::loadClass (40 bytes)
C1 CompilerThread0   3126 3423   !   2       org.jetbrains.kotlin.metadata.jvm.JvmProtoBuf$StringTableTypes$Record::<init> (759 bytes)
C2 CompilerThread1   3126 2962       4       java.lang.ClassLoader::loadClass (7 bytes)
C2 CompilerThread2   3126 3018   !   4       jdk.internal.loader.BuiltinClassLoader::findClassOnClassPathOrNull (64 bytes)

VM state:not at safepoint (normal execution)

VM Mutex/Monitor currently owned by a thread: None

Heap address: 0x0000000721000000, size: 3568 MB, Compressed Oops mode: Zero based, Oop shift amount: 3
Narrow klass base: 0x0000000800000000, Narrow klass shift: 0
Compressed class space size: 1073741824 Address: 0x0000000800000000

Heap:
 garbage-first heap   total 229376K, used 61996K [0x0000000721000000, 0x0000000800000000)
  region size 1024K, 38 young (38912K), 5 survivors (5120K)
 Metaspace       used 46076K, capacity 46588K, committed 46848K, reserved 1091584K
  class space    used 5427K, capacity 5609K, committed 5632K, reserved 1048576K
Heap Regions: E=young(eden), S=young(survivor), O=old, HS=humongous(starts), HC=humongous(continues), CS=collection set, F=free, A=archive, TAMS=top-at-mark-start (previous, next)
|   0|0x0000000721000000, 0x0000000721100000, 0x0000000721100000|100%|HS|  |TAMS 0x0000000721100000, 0x0000000721000000| Complete 
|   1|0x0000000721100000, 0x0000000721200000, 0x0000000721200000|100%|HC|  |TAMS 0x0000000721200000, 0x0000000721100000| Complete 
|   2|0x0000000721200000, 0x0000000721300000, 0x0000000721300000|100%|HC|  |TAMS 0x0000000721300000, 0x0000000721200000| Complete 
|   3|0x0000000721300000, 0x0000000721400000, 0x0000000721400000|100%|HS|  |TAMS 0x0000000721400000, 0x0000000721300000| Complete 
|   4|0x0000000721400000, 0x0000000721500000, 0x0000000721500000|100%|HC|  |TAMS 0x0000000721500000, 0x0000000721400000| Complete 
|   5|0x0000000721500000, 0x0000000721600000, 0x0000000721600000|100%|HC|  |TAMS 0x0000000721600000, 0x0000000721500000| Complete 
|   6|0x0000000721600000, 0x0000000721700000, 0x0000000721700000|100%|HS|  |TAMS 0x0000000721700000, 0x0000000721600000| Complete 
|   7|0x0000000721700000, 0x0000000721800000, 0x0000000721800000|100%|HC|  |TAMS 0x0000000721800000, 0x0000000721700000| Complete 
|   8|0x0000000721800000, 0x0000000721900000, 0x0000000721900000|100%|HC|  |TAMS 0x0000000721900000, 0x0000000721800000| Complete 
|   9|0x0000000721900000, 0x0000000721a00000, 0x0000000721a00000|100%| O|  |TAMS 0x0000000721900000, 0x0000000721900000| Untracked 
|  10|0x0000000721a00000, 0x0000000721b00000, 0x0000000721b00000|100%| O|  |TAMS 0x0000000721a00000, 0x0000000721a00000| Untracked 
|  11|0x0000000721b00000, 0x0000000721c00000, 0x0000000721c00000|100%| O|  |TAMS 0x0000000721b00000, 0x0000000721b00000| Untracked 
|  12|0x0000000721c00000, 0x0000000721d00000, 0x0000000721d00000|100%| O|  |TAMS 0x0000000721c00000, 0x0000000721c00000| Untracked 
|  13|0x0000000721d00000, 0x0000000721e00000, 0x0000000721e00000|100%|HS|  |TAMS 0x0000000721e00000, 0x0000000721d00000| Complete 
|  14|0x0000000721e00000, 0x0000000721f00000, 0x0000000721f00000|100%|HC|  |TAMS 0x0000000721f00000, 0x0000000721e00000| Complete 
|  15|0x0000000721f00000, 0x0000000722000000, 0x0000000722000000|100%| O|  |TAMS 0x0000000722000000, 0x0000000721f00000| Untracked 
|  16|0x0000000722000000, 0x0000000722100000, 0x0000000722100000|100%| O|  |TAMS 0x0000000722100000, 0x0000000722000000| Untracked 
|  17|0x0000000722100000, 0x0000000722200000, 0x0000000722200000|100%| O|  |TAMS 0x0000000722200000, 0x0000000722100000| Untracked 
|  18|0x0000000722200000, 0x0000000722300000, 0x0000000722300000|100%| O|  |TAMS 0x0000000722300000, 0x0000000722200000| Untracked 
|  19|0x0000000722300000, 0x0000000722400000, 0x0000000722400000|100%| O|  |TAMS 0x0000000722322400, 0x0000000722300000| Untracked 
|  20|0x0000000722400000, 0x0000000722500000, 0x0000000722500000|100%| O|  |TAMS 0x0000000722400000, 0x0000000722400000| Untracked 
|  21|0x0000000722500000, 0x0000000722600000, 0x0000000722600000|100%| O|  |TAMS 0x0000000722500000, 0x0000000722500000| Untracked 
|  22|0x0000000722600000, 0x00000007226e4c00, 0x0000000722700000| 89%| O|  |TAMS 0x0000000722600000, 0x0000000722600000| Untracked 
|  23|0x0000000722700000, 0x0000000722800000, 0x0000000722800000|100%|HS|  |TAMS 0x0000000722700000, 0x0000000722700000| Complete 
|  24|0x0000000722800000, 0x0000000722800000, 0x0000000722900000|  0%| F|  |TAMS 0x0000000722800000, 0x0000000722800000| Untracked 
|  25|0x0000000722900000, 0x0000000722900000, 0x0000000722a00000|  0%| F|  |TAMS 0x0000000722900000, 0x0000000722900000| Untracked 
|  26|0x0000000722a00000, 0x0000000722a00000, 0x0000000722b00000|  0%| F|  |TAMS 0x0000000722a00000, 0x0000000722a00000| Untracked 
|  27|0x0000000722b00000, 0x0000000722b00000, 0x0000000722c00000|  0%| F|  |TAMS 0x0000000722b00000, 0x0000000722b00000| Untracked 
|  28|0x0000000722c00000, 0x0000000722c00000, 0x0000000722d00000|  0%| F|  |TAMS 0x0000000722c00000, 0x0000000722c00000| Untracked 
|  29|0x0000000722d00000, 0x0000000722d00000, 0x0000000722e00000|  0%| F|  |TAMS 0x0000000722d00000, 0x0000000722d00000| Untracked 
|  30|0x0000000722e00000, 0x0000000722e00000, 0x0000000722f00000|  0%| F|  |TAMS 0x0000000722e00000, 0x0000000722e00000| Untracked 
|  31|0x0000000722f00000, 0x0000000722f00000, 0x0000000723000000|  0%| F|  |TAMS 0x0000000722f00000, 0x0000000722f00000| Untracked 
|  32|0x0000000723000000, 0x0000000723000000, 0x0000000723100000|  0%| F|  |TAMS 0x0000000723000000, 0x0000000723000000| Untracked 
|  33|0x0000000723100000, 0x0000000723100000, 0x0000000723200000|  0%| F|  |TAMS 0x0000000723100000, 0x0000000723100000| Untracked 
|  34|0x0000000723200000, 0x0000000723200000, 0x0000000723300000|  0%| F|  |TAMS 0x0000000723200000, 0x0000000723200000| Untracked 
|  35|0x0000000723300000, 0x0000000723300000, 0x0000000723400000|  0%| F|  |TAMS 0x0000000723300000, 0x0000000723300000| Untracked 
|  36|0x0000000723400000, 0x0000000723400000, 0x0000000723500000|  0%| F|  |TAMS 0x0000000723400000, 0x0000000723400000| Untracked 
|  37|0x0000000723500000, 0x0000000723500000, 0x0000000723600000|  0%| F|  |TAMS 0x0000000723500000, 0x0000000723500000| Untracked 
|  38|0x0000000723600000, 0x0000000723600000, 0x0000000723700000|  0%| F|  |TAMS 0x0000000723600000, 0x0000000723600000| Untracked 
|  39|0x0000000723700000, 0x0000000723700000, 0x0000000723800000|  0%| F|  |TAMS 0x0000000723700000, 0x0000000723700000| Untracked 
|  40|0x0000000723800000, 0x0000000723800000, 0x0000000723900000|  0%| F|  |TAMS 0x0000000723800000, 0x0000000723800000| Untracked 
|  41|0x0000000723900000, 0x0000000723900000, 0x0000000723a00000|  0%| F|  |TAMS 0x0000000723900000, 0x0000000723900000| Untracked 
|  42|0x0000000723a00000, 0x0000000723a00000, 0x0000000723b00000|  0%| F|  |TAMS 0x0000000723a00000, 0x0000000723a00000| Untracked 
|  43|0x0000000723b00000, 0x0000000723b00000, 0x0000000723c00000|  0%| F|  |TAMS 0x0000000723b00000, 0x0000000723b00000| Untracked 
|  44|0x0000000723c00000, 0x0000000723c00000, 0x0000000723d00000|  0%| F|  |TAMS 0x0000000723c00000, 0x0000000723c00000| Untracked 
|  45|0x0000000723d00000, 0x0000000723d00000, 0x0000000723e00000|  0%| F|  |TAMS 0x0000000723d00000, 0x0000000723d00000| Untracked 
|  46|0x0000000723e00000, 0x0000000723e00000, 0x0000000723f00000|  0%| F|  |TAMS 0x0000000723e00000, 0x0000000723e00000| Untracked 
|  47|0x0000000723f00000, 0x0000000723f00000, 0x0000000724000000|  0%| F|  |TAMS 0x0000000723f00000, 0x0000000723f00000| Untracked 
|  48|0x0000000724000000, 0x0000000724000000, 0x0000000724100000|  0%| F|  |TAMS 0x0000000724000000, 0x0000000724000000| Untracked 
|  49|0x0000000724100000, 0x0000000724100000, 0x0000000724200000|  0%| F|  |TAMS 0x0000000724100000, 0x0000000724100000| Untracked 
|  50|0x0000000724200000, 0x0000000724200000, 0x0000000724300000|  0%| F|  |TAMS 0x0000000724200000, 0x0000000724200000| Untracked 
|  51|0x0000000724300000, 0x0000000724300000, 0x0000000724400000|  0%| F|  |TAMS 0x0000000724300000, 0x0000000724300000| Untracked 
|  52|0x0000000724400000, 0x0000000724400000, 0x0000000724500000|  0%| F|  |TAMS 0x0000000724400000, 0x0000000724400000| Untracked 
|  53|0x0000000724500000, 0x0000000724500000, 0x0000000724600000|  0%| F|  |TAMS 0x0000000724500000, 0x0000000724500000| Untracked 
|  54|0x0000000724600000, 0x0000000724600000, 0x0000000724700000|  0%| F|  |TAMS 0x0000000724600000, 0x0000000724600000| Untracked 
|  55|0x0000000724700000, 0x0000000724700000, 0x0000000724800000|  0%| F|  |TAMS 0x0000000724700000, 0x0000000724700000| Untracked 
|  56|0x0000000724800000, 0x0000000724800000, 0x0000000724900000|  0%| F|  |TAMS 0x0000000724800000, 0x0000000724800000| Untracked 
|  57|0x0000000724900000, 0x0000000724900000, 0x0000000724a00000|  0%| F|  |TAMS 0x0000000724900000, 0x0000000724900000| Untracked 
|  58|0x0000000724a00000, 0x0000000724a00000, 0x0000000724b00000|  0%| F|  |TAMS 0x0000000724a00000, 0x0000000724a00000| Untracked 
|  59|0x0000000724b00000, 0x0000000724b00000, 0x0000000724c00000|  0%| F|  |TAMS 0x0000000724b00000, 0x0000000724b00000| Untracked 
|  60|0x0000000724c00000, 0x0000000724c00000, 0x0000000724d00000|  0%| F|  |TAMS 0x0000000724c00000, 0x0000000724c00000| Untracked 
|  61|0x0000000724d00000, 0x0000000724d00000, 0x0000000724e00000|  0%| F|  |TAMS 0x0000000724d00000, 0x0000000724d00000| Untracked 
|  62|0x0000000724e00000, 0x0000000724e00000, 0x0000000724f00000|  0%| F|  |TAMS 0x0000000724e00000, 0x0000000724e00000| Untracked 
|  63|0x0000000724f00000, 0x0000000724f00000, 0x0000000725000000|  0%| F|  |TAMS 0x0000000724f00000, 0x0000000724f00000| Untracked 
|  64|0x0000000725000000, 0x0000000725000000, 0x0000000725100000|  0%| F|  |TAMS 0x0000000725000000, 0x0000000725000000| Untracked 
|  65|0x0000000725100000, 0x0000000725100000, 0x0000000725200000|  0%| F|  |TAMS 0x0000000725100000, 0x0000000725100000| Untracked 
|  66|0x0000000725200000, 0x0000000725200000, 0x0000000725300000|  0%| F|  |TAMS 0x0000000725200000, 0x0000000725200000| Untracked 
|  67|0x0000000725300000, 0x0000000725300000, 0x0000000725400000|  0%| F|  |TAMS 0x0000000725300000, 0x0000000725300000| Untracked 
|  68|0x0000000725400000, 0x0000000725400000, 0x0000000725500000|  0%| F|  |TAMS 0x0000000725400000, 0x0000000725400000| Untracked 
|  69|0x0000000725500000, 0x0000000725500000, 0x0000000725600000|  0%| F|  |TAMS 0x0000000725500000, 0x0000000725500000| Untracked 
|  70|0x0000000725600000, 0x0000000725600000, 0x0000000725700000|  0%| F|  |TAMS 0x0000000725600000, 0x0000000725600000| Untracked 
|  71|0x0000000725700000, 0x0000000725700000, 0x0000000725800000|  0%| F|  |TAMS 0x0000000725700000, 0x0000000725700000| Untracked 
|  72|0x0000000725800000, 0x0000000725800000, 0x0000000725900000|  0%| F|  |TAMS 0x0000000725800000, 0x0000000725800000| Untracked 
|  73|0x0000000725900000, 0x0000000725900000, 0x0000000725a00000|  0%| F|  |TAMS 0x0000000725900000, 0x0000000725900000| Untracked 
|  74|0x0000000725a00000, 0x0000000725a00000, 0x0000000725b00000|  0%| F|  |TAMS 0x0000000725a00000, 0x0000000725a00000| Untracked 
|  75|0x0000000725b00000, 0x0000000725b00000, 0x0000000725c00000|  0%| F|  |TAMS 0x0000000725b00000, 0x0000000725b00000| Untracked 
|  76|0x0000000725c00000, 0x0000000725c00000, 0x0000000725d00000|  0%| F|  |TAMS 0x0000000725c00000, 0x0000000725c00000| Untracked 
|  77|0x0000000725d00000, 0x0000000725d00000, 0x0000000725e00000|  0%| F|  |TAMS 0x0000000725d00000, 0x0000000725d00000| Untracked 
|  78|0x0000000725e00000, 0x0000000725e00000, 0x0000000725f00000|  0%| F|  |TAMS 0x0000000725e00000, 0x0000000725e00000| Untracked 
|  79|0x0000000725f00000, 0x0000000725f00000, 0x0000000726000000|  0%| F|  |TAMS 0x0000000725f00000, 0x0000000725f00000| Untracked 
|  80|0x0000000726000000, 0x0000000726000000, 0x0000000726100000|  0%| F|  |TAMS 0x0000000726000000, 0x0000000726000000| Untracked 
|  81|0x0000000726100000, 0x0000000726100000, 0x0000000726200000|  0%| F|  |TAMS 0x0000000726100000, 0x0000000726100000| Untracked 
|  82|0x0000000726200000, 0x0000000726200000, 0x0000000726300000|  0%| F|  |TAMS 0x0000000726200000, 0x0000000726200000| Untracked 
|  83|0x0000000726300000, 0x0000000726300000, 0x0000000726400000|  0%| F|  |TAMS 0x0000000726300000, 0x0000000726300000| Untracked 
|  84|0x0000000726400000, 0x0000000726400000, 0x0000000726500000|  0%| F|  |TAMS 0x0000000726400000, 0x0000000726400000| Untracked 
|  85|0x0000000726500000, 0x0000000726500000, 0x0000000726600000|  0%| F|  |TAMS 0x0000000726500000, 0x0000000726500000| Untracked 
|  86|0x0000000726600000, 0x0000000726600000, 0x0000000726700000|  0%| F|  |TAMS 0x0000000726600000, 0x0000000726600000| Untracked 
|  87|0x0000000726700000, 0x0000000726700000, 0x0000000726800000|  0%| F|  |TAMS 0x0000000726700000, 0x0000000726700000| Untracked 
|  88|0x0000000726800000, 0x0000000726800000, 0x0000000726900000|  0%| F|  |TAMS 0x0000000726800000, 0x0000000726800000| Untracked 
|  89|0x0000000726900000, 0x0000000726900000, 0x0000000726a00000|  0%| F|  |TAMS 0x0000000726900000, 0x0000000726900000| Untracked 
|  90|0x0000000726a00000, 0x0000000726a00000, 0x0000000726b00000|  0%| F|  |TAMS 0x0000000726a00000, 0x0000000726a00000| Untracked 
|  91|0x0000000726b00000, 0x0000000726b00000, 0x0000000726c00000|  0%| F|  |TAMS 0x0000000726b00000, 0x0000000726b00000| Untracked 
|  92|0x0000000726c00000, 0x0000000726c00000, 0x0000000726d00000|  0%| F|  |TAMS 0x0000000726c00000, 0x0000000726c00000| Untracked 
|  93|0x0000000726d00000, 0x0000000726d00000, 0x0000000726e00000|  0%| F|  |TAMS 0x0000000726d00000, 0x0000000726d00000| Untracked 
|  94|0x0000000726e00000, 0x0000000726e00000, 0x0000000726f00000|  0%| F|  |TAMS 0x0000000726e00000, 0x0000000726e00000| Untracked 
|  95|0x0000000726f00000, 0x0000000726f00000, 0x0000000727000000|  0%| F|  |TAMS 0x0000000726f00000, 0x0000000726f00000| Untracked 
|  96|0x0000000727000000, 0x0000000727000000, 0x0000000727100000|  0%| F|  |TAMS 0x0000000727000000, 0x0000000727000000| Untracked 
|  97|0x0000000727100000, 0x0000000727100000, 0x0000000727200000|  0%| F|  |TAMS 0x0000000727100000, 0x0000000727100000| Untracked 
|  98|0x0000000727200000, 0x0000000727200000, 0x0000000727300000|  0%| F|  |TAMS 0x0000000727200000, 0x0000000727200000| Untracked 
|  99|0x0000000727300000, 0x0000000727300000, 0x0000000727400000|  0%| F|  |TAMS 0x0000000727300000, 0x0000000727300000| Untracked 
| 100|0x0000000727400000, 0x0000000727400000, 0x0000000727500000|  0%| F|  |TAMS 0x0000000727400000, 0x0000000727400000| Untracked 
| 101|0x0000000727500000, 0x0000000727500000, 0x0000000727600000|  0%| F|  |TAMS 0x0000000727500000, 0x0000000727500000| Untracked 
| 102|0x0000000727600000, 0x0000000727600000, 0x0000000727700000|  0%| F|  |TAMS 0x0000000727600000, 0x0000000727600000| Untracked 
| 103|0x0000000727700000, 0x0000000727700000, 0x0000000727800000|  0%| F|  |TAMS 0x0000000727700000, 0x0000000727700000| Untracked 
| 104|0x0000000727800000, 0x0000000727800000, 0x0000000727900000|  0%| F|  |TAMS 0x0000000727800000, 0x0000000727800000| Untracked 
| 105|0x0000000727900000, 0x0000000727900000, 0x0000000727a00000|  0%| F|  |TAMS 0x0000000727900000, 0x0000000727900000| Untracked 
| 106|0x0000000727a00000, 0x0000000727a00000, 0x0000000727b00000|  0%| F|  |TAMS 0x0000000727a00000, 0x0000000727a00000| Untracked 
| 107|0x0000000727b00000, 0x0000000727b00000, 0x0000000727c00000|  0%| F|  |TAMS 0x0000000727b00000, 0x0000000727b00000| Untracked 
| 108|0x0000000727c00000, 0x0000000727c00000, 0x0000000727d00000|  0%| F|  |TAMS 0x0000000727c00000, 0x0000000727c00000| Untracked 
| 109|0x0000000727d00000, 0x0000000727d00000, 0x0000000727e00000|  0%| F|  |TAMS 0x0000000727d00000, 0x0000000727d00000| Untracked 
| 110|0x0000000727e00000, 0x0000000727e00000, 0x0000000727f00000|  0%| F|  |TAMS 0x0000000727e00000, 0x0000000727e00000| Untracked 
| 111|0x0000000727f00000, 0x0000000727f00000, 0x0000000728000000|  0%| F|  |TAMS 0x0000000727f00000, 0x0000000727f00000| Untracked 
| 112|0x0000000728000000, 0x0000000728000000, 0x0000000728100000|  0%| F|  |TAMS 0x0000000728000000, 0x0000000728000000| Untracked 
| 113|0x0000000728100000, 0x0000000728100000, 0x0000000728200000|  0%| F|  |TAMS 0x0000000728100000, 0x0000000728100000| Untracked 
| 114|0x0000000728200000, 0x0000000728200000, 0x0000000728300000|  0%| F|  |TAMS 0x0000000728200000, 0x0000000728200000| Untracked 
| 115|0x0000000728300000, 0x0000000728300000, 0x0000000728400000|  0%| F|  |TAMS 0x0000000728300000, 0x0000000728300000| Untracked 
| 116|0x0000000728400000, 0x0000000728400000, 0x0000000728500000|  0%| F|  |TAMS 0x0000000728400000, 0x0000000728400000| Untracked 
| 117|0x0000000728500000, 0x0000000728500000, 0x0000000728600000|  0%| F|  |TAMS 0x0000000728500000, 0x0000000728500000| Untracked 
| 118|0x0000000728600000, 0x0000000728600000, 0x0000000728700000|  0%| F|  |TAMS 0x0000000728600000, 0x0000000728600000| Untracked 
| 119|0x0000000728700000, 0x0000000728700000, 0x0000000728800000|  0%| F|  |TAMS 0x0000000728700000, 0x0000000728700000| Untracked 
| 120|0x0000000728800000, 0x0000000728800000, 0x0000000728900000|  0%| F|  |TAMS 0x0000000728800000, 0x0000000728800000| Untracked 
| 121|0x0000000728900000, 0x0000000728900000, 0x0000000728a00000|  0%| F|  |TAMS 0x0000000728900000, 0x0000000728900000| Untracked 
| 122|0x0000000728a00000, 0x0000000728a00000, 0x0000000728b00000|  0%| F|  |TAMS 0x0000000728a00000, 0x0000000728a00000| Untracked 
| 123|0x0000000728b00000, 0x0000000728b00000, 0x0000000728c00000|  0%| F|  |TAMS 0x0000000728b00000, 0x0000000728b00000| Untracked 
| 124|0x0000000728c00000, 0x0000000728c00000, 0x0000000728d00000|  0%| F|  |TAMS 0x0000000728c00000, 0x0000000728c00000| Untracked 
| 125|0x0000000728d00000, 0x0000000728d00000, 0x0000000728e00000|  0%| F|  |TAMS 0x0000000728d00000, 0x0000000728d00000| Untracked 
| 126|0x0000000728e00000, 0x0000000728e00000, 0x0000000728f00000|  0%| F|  |TAMS 0x0000000728e00000, 0x0000000728e00000| Untracked 
| 127|0x0000000728f00000, 0x0000000728f00000, 0x0000000729000000|  0%| F|  |TAMS 0x0000000728f00000, 0x0000000728f00000| Untracked 
| 128|0x0000000729000000, 0x0000000729000000, 0x0000000729100000|  0%| F|  |TAMS 0x0000000729000000, 0x0000000729000000| Untracked 
| 129|0x0000000729100000, 0x0000000729100000, 0x0000000729200000|  0%| F|  |TAMS 0x0000000729100000, 0x0000000729100000| Untracked 
| 130|0x0000000729200000, 0x0000000729200000, 0x0000000729300000|  0%| F|  |TAMS 0x0000000729200000, 0x0000000729200000| Untracked 
| 131|0x0000000729300000, 0x0000000729300000, 0x0000000729400000|  0%| F|  |TAMS 0x0000000729300000, 0x0000000729300000| Untracked 
| 132|0x0000000729400000, 0x0000000729400000, 0x0000000729500000|  0%| F|  |TAMS 0x0000000729400000, 0x0000000729400000| Untracked 
| 133|0x0000000729500000, 0x0000000729500000, 0x0000000729600000|  0%| F|  |TAMS 0x0000000729500000, 0x0000000729500000| Untracked 
| 134|0x0000000729600000, 0x0000000729600000, 0x0000000729700000|  0%| F|  |TAMS 0x0000000729600000, 0x0000000729600000| Untracked 
| 135|0x0000000729700000, 0x0000000729700000, 0x0000000729800000|  0%| F|  |TAMS 0x0000000729700000, 0x0000000729700000| Untracked 
| 136|0x0000000729800000, 0x0000000729800000, 0x0000000729900000|  0%| F|  |TAMS 0x0000000729800000, 0x0000000729800000| Untracked 
| 137|0x0000000729900000, 0x0000000729900000, 0x0000000729a00000|  0%| F|  |TAMS 0x0000000729900000, 0x0000000729900000| Untracked 
| 138|0x0000000729a00000, 0x0000000729a00000, 0x0000000729b00000|  0%| F|  |TAMS 0x0000000729a00000, 0x0000000729a00000| Untracked 
| 139|0x0000000729b00000, 0x0000000729b00000, 0x0000000729c00000|  0%| F|  |TAMS 0x0000000729b00000, 0x0000000729b00000| Untracked 
| 140|0x0000000729c00000, 0x0000000729c00000, 0x0000000729d00000|  0%| F|  |TAMS 0x0000000729c00000, 0x0000000729c00000| Untracked 
| 141|0x0000000729d00000, 0x0000000729d00000, 0x0000000729e00000|  0%| F|  |TAMS 0x0000000729d00000, 0x0000000729d00000| Untracked 
| 142|0x0000000729e00000, 0x0000000729e00000, 0x0000000729f00000|  0%| F|  |TAMS 0x0000000729e00000, 0x0000000729e00000| Untracked 
| 143|0x0000000729f00000, 0x0000000729f00000, 0x000000072a000000|  0%| F|  |TAMS 0x0000000729f00000, 0x0000000729f00000| Untracked 
| 144|0x000000072a000000, 0x000000072a000000, 0x000000072a100000|  0%| F|  |TAMS 0x000000072a000000, 0x000000072a000000| Untracked 
| 145|0x000000072a100000, 0x000000072a100000, 0x000000072a200000|  0%| F|  |TAMS 0x000000072a100000, 0x000000072a100000| Untracked 
| 146|0x000000072a200000, 0x000000072a200000, 0x000000072a300000|  0%| F|  |TAMS 0x000000072a200000, 0x000000072a200000| Untracked 
| 147|0x000000072a300000, 0x000000072a300000, 0x000000072a400000|  0%| F|  |TAMS 0x000000072a300000, 0x000000072a300000| Untracked 
| 148|0x000000072a400000, 0x000000072a400000, 0x000000072a500000|  0%| F|  |TAMS 0x000000072a400000, 0x000000072a400000| Untracked 
| 149|0x000000072a500000, 0x000000072a500000, 0x000000072a600000|  0%| F|  |TAMS 0x000000072a500000, 0x000000072a500000| Untracked 
| 150|0x000000072a600000, 0x000000072a600000, 0x000000072a700000|  0%| F|  |TAMS 0x000000072a600000, 0x000000072a600000| Untracked 
| 151|0x000000072a700000, 0x000000072a700000, 0x000000072a800000|  0%| F|  |TAMS 0x000000072a700000, 0x000000072a700000| Untracked 
| 152|0x000000072a800000, 0x000000072a800000, 0x000000072a900000|  0%| F|  |TAMS 0x000000072a800000, 0x000000072a800000| Untracked 
| 153|0x000000072a900000, 0x000000072a900000, 0x000000072aa00000|  0%| F|  |TAMS 0x000000072a900000, 0x000000072a900000| Untracked 
| 154|0x000000072aa00000, 0x000000072aa00000, 0x000000072ab00000|  0%| F|  |TAMS 0x000000072aa00000, 0x000000072aa00000| Untracked 
| 155|0x000000072ab00000, 0x000000072ab00000, 0x000000072ac00000|  0%| F|  |TAMS 0x000000072ab00000, 0x000000072ab00000| Untracked 
| 156|0x000000072ac00000, 0x000000072ac00000, 0x000000072ad00000|  0%| F|  |TAMS 0x000000072ac00000, 0x000000072ac00000| Untracked 
| 157|0x000000072ad00000, 0x000000072ad00000, 0x000000072ae00000|  0%| F|  |TAMS 0x000000072ad00000, 0x000000072ad00000| Untracked 
| 158|0x000000072ae00000, 0x000000072ae00000, 0x000000072af00000|  0%| F|  |TAMS 0x000000072ae00000, 0x000000072ae00000| Untracked 
| 159|0x000000072af00000, 0x000000072af00000, 0x000000072b000000|  0%| F|  |TAMS 0x000000072af00000, 0x000000072af00000| Untracked 
| 160|0x000000072b000000, 0x000000072b000000, 0x000000072b100000|  0%| F|  |TAMS 0x000000072b000000, 0x000000072b000000| Untracked 
| 161|0x000000072b100000, 0x000000072b100000, 0x000000072b200000|  0%| F|  |TAMS 0x000000072b100000, 0x000000072b100000| Untracked 
| 162|0x000000072b200000, 0x000000072b200000, 0x000000072b300000|  0%| F|  |TAMS 0x000000072b200000, 0x000000072b200000| Untracked 
| 163|0x000000072b300000, 0x000000072b300000, 0x000000072b400000|  0%| F|  |TAMS 0x000000072b300000, 0x000000072b300000| Untracked 
| 164|0x000000072b400000, 0x000000072b400000, 0x000000072b500000|  0%| F|  |TAMS 0x000000072b400000, 0x000000072b400000| Untracked 
| 165|0x000000072b500000, 0x000000072b500000, 0x000000072b600000|  0%| F|  |TAMS 0x000000072b500000, 0x000000072b500000| Untracked 
| 166|0x000000072b600000, 0x000000072b600000, 0x000000072b700000|  0%| F|  |TAMS 0x000000072b600000, 0x000000072b600000| Untracked 
| 167|0x000000072b700000, 0x000000072b700000, 0x000000072b800000|  0%| F|  |TAMS 0x000000072b700000, 0x000000072b700000| Untracked 
| 168|0x000000072b800000, 0x000000072b800000, 0x000000072b900000|  0%| F|  |TAMS 0x000000072b800000, 0x000000072b800000| Untracked 
| 169|0x000000072b900000, 0x000000072b900000, 0x000000072ba00000|  0%| F|  |TAMS 0x000000072b900000, 0x000000072b900000| Untracked 
| 170|0x000000072ba00000, 0x000000072ba00000, 0x000000072bb00000|  0%| F|  |TAMS 0x000000072ba00000, 0x000000072ba00000| Untracked 
| 171|0x000000072bb00000, 0x000000072bb00000, 0x000000072bc00000|  0%| F|  |TAMS 0x000000072bb00000, 0x000000072bb00000| Untracked 
| 172|0x000000072bc00000, 0x000000072bc00000, 0x000000072bd00000|  0%| F|  |TAMS 0x000000072bc00000, 0x000000072bc00000| Untracked 
| 173|0x000000072bd00000, 0x000000072bd00000, 0x000000072be00000|  0%| F|  |TAMS 0x000000072bd00000, 0x000000072bd00000| Untracked 
| 174|0x000000072be00000, 0x000000072be00000, 0x000000072bf00000|  0%| F|  |TAMS 0x000000072be00000, 0x000000072be00000| Untracked 
| 175|0x000000072bf00000, 0x000000072bf00000, 0x000000072c000000|  0%| F|  |TAMS 0x000000072bf00000, 0x000000072bf00000| Untracked 
| 176|0x000000072c000000, 0x000000072c000000, 0x000000072c100000|  0%| F|  |TAMS 0x000000072c000000, 0x000000072c000000| Untracked 
| 177|0x000000072c100000, 0x000000072c100000, 0x000000072c200000|  0%| F|  |TAMS 0x000000072c100000, 0x000000072c100000| Untracked 
| 178|0x000000072c200000, 0x000000072c200000, 0x000000072c300000|  0%| F|  |TAMS 0x000000072c200000, 0x000000072c200000| Untracked 
| 179|0x000000072c300000, 0x000000072c300000, 0x000000072c400000|  0%| F|  |TAMS 0x000000072c300000, 0x000000072c300000| Untracked 
| 180|0x000000072c400000, 0x000000072c4a6530, 0x000000072c500000| 64%| S|CS|TAMS 0x000000072c400000, 0x000000072c400000| Complete 
| 181|0x000000072c500000, 0x000000072c600000, 0x000000072c600000|100%| S|CS|TAMS 0x000000072c500000, 0x000000072c500000| Complete 
| 182|0x000000072c600000, 0x000000072c700000, 0x000000072c700000|100%| S|CS|TAMS 0x000000072c600000, 0x000000072c600000| Complete 
| 183|0x000000072c700000, 0x000000072c800000, 0x000000072c800000|100%| S|CS|TAMS 0x000000072c700000, 0x000000072c700000| Complete 
| 184|0x000000072c800000, 0x000000072c900000, 0x000000072c900000|100%| S|CS|TAMS 0x000000072c800000, 0x000000072c800000| Complete 
| 185|0x000000072c900000, 0x000000072c900000, 0x000000072ca00000|  0%| F|  |TAMS 0x000000072c900000, 0x000000072c900000| Untracked 
| 186|0x000000072ca00000, 0x000000072ca00000, 0x000000072cb00000|  0%| F|  |TAMS 0x000000072ca00000, 0x000000072ca00000| Untracked 
| 187|0x000000072cb00000, 0x000000072cb00000, 0x000000072cc00000|  0%| F|  |TAMS 0x000000072cb00000, 0x000000072cb00000| Untracked 
| 188|0x000000072cc00000, 0x000000072cc00000, 0x000000072cd00000|  0%| F|  |TAMS 0x000000072cc00000, 0x000000072cc00000| Untracked 
| 189|0x000000072cd00000, 0x000000072cd00000, 0x000000072ce00000|  0%| F|  |TAMS 0x000000072cd00000, 0x000000072cd00000| Untracked 
| 190|0x000000072ce00000, 0x000000072ce00000, 0x000000072cf00000|  0%| F|  |TAMS 0x000000072ce00000, 0x000000072ce00000| Untracked 
| 191|0x000000072cf00000, 0x000000072cf80800, 0x000000072d000000| 50%| E|  |TAMS 0x000000072cf00000, 0x000000072cf00000| Complete 
| 192|0x000000072d000000, 0x000000072d100000, 0x000000072d100000|100%| E|CS|TAMS 0x000000072d000000, 0x000000072d000000| Complete 
| 193|0x000000072d100000, 0x000000072d200000, 0x000000072d200000|100%| E|CS|TAMS 0x000000072d100000, 0x000000072d100000| Complete 
| 194|0x000000072d200000, 0x000000072d300000, 0x000000072d300000|100%| E|CS|TAMS 0x000000072d200000, 0x000000072d200000| Complete 
| 195|0x000000072d300000, 0x000000072d400000, 0x000000072d400000|100%| E|CS|TAMS 0x000000072d300000, 0x000000072d300000| Complete 
| 196|0x000000072d400000, 0x000000072d500000, 0x000000072d500000|100%| E|CS|TAMS 0x000000072d400000, 0x000000072d400000| Complete 
| 197|0x000000072d500000, 0x000000072d600000, 0x000000072d600000|100%| E|CS|TAMS 0x000000072d500000, 0x000000072d500000| Complete 
| 198|0x000000072d600000, 0x000000072d700000, 0x000000072d700000|100%| E|CS|TAMS 0x000000072d600000, 0x000000072d600000| Complete 
| 199|0x000000072d700000, 0x000000072d800000, 0x000000072d800000|100%| E|CS|TAMS 0x000000072d700000, 0x000000072d700000| Complete 
| 200|0x000000072d800000, 0x000000072d900000, 0x000000072d900000|100%| E|CS|TAMS 0x000000072d800000, 0x000000072d800000| Complete 
| 201|0x000000072d900000, 0x000000072da00000, 0x000000072da00000|100%| E|CS|TAMS 0x000000072d900000, 0x000000072d900000| Complete 
| 202|0x000000072da00000, 0x000000072db00000, 0x000000072db00000|100%| E|CS|TAMS 0x000000072da00000, 0x000000072da00000| Complete 
| 203|0x000000072db00000, 0x000000072dc00000, 0x000000072dc00000|100%| E|CS|TAMS 0x000000072db00000, 0x000000072db00000| Complete 
| 204|0x000000072dc00000, 0x000000072dd00000, 0x000000072dd00000|100%| E|CS|TAMS 0x000000072dc00000, 0x000000072dc00000| Complete 
| 205|0x000000072dd00000, 0x000000072de00000, 0x000000072de00000|100%| E|CS|TAMS 0x000000072dd00000, 0x000000072dd00000| Complete 
| 206|0x000000072de00000, 0x000000072df00000, 0x000000072df00000|100%| E|CS|TAMS 0x000000072de00000, 0x000000072de00000| Complete 
| 207|0x000000072df00000, 0x000000072e000000, 0x000000072e000000|100%| E|CS|TAMS 0x000000072df00000, 0x000000072df00000| Complete 
| 208|0x000000072e000000, 0x000000072e100000, 0x000000072e100000|100%| E|CS|TAMS 0x000000072e000000, 0x000000072e000000| Complete 
| 209|0x000000072e100000, 0x000000072e200000, 0x000000072e200000|100%| E|CS|TAMS 0x000000072e100000, 0x000000072e100000| Complete 
| 210|0x000000072e200000, 0x000000072e300000, 0x000000072e300000|100%| E|CS|TAMS 0x000000072e200000, 0x000000072e200000| Complete 
| 211|0x000000072e300000, 0x000000072e400000, 0x000000072e400000|100%| E|CS|TAMS 0x000000072e300000, 0x000000072e300000| Complete 
| 212|0x000000072e400000, 0x000000072e500000, 0x000000072e500000|100%| E|CS|TAMS 0x000000072e400000, 0x000000072e400000| Complete 
| 213|0x000000072e500000, 0x000000072e600000, 0x000000072e600000|100%| E|CS|TAMS 0x000000072e500000, 0x000000072e500000| Complete 
| 214|0x000000072e600000, 0x000000072e700000, 0x000000072e700000|100%| E|CS|TAMS 0x000000072e600000, 0x000000072e600000| Complete 
| 215|0x000000072e700000, 0x000000072e800000, 0x000000072e800000|100%| E|CS|TAMS 0x000000072e700000, 0x000000072e700000| Complete 
| 216|0x000000072e800000, 0x000000072e900000, 0x000000072e900000|100%| E|CS|TAMS 0x000000072e800000, 0x000000072e800000| Complete 
| 217|0x000000072e900000, 0x000000072ea00000, 0x000000072ea00000|100%| E|CS|TAMS 0x000000072e900000, 0x000000072e900000| Complete 
| 218|0x000000072ea00000, 0x000000072eb00000, 0x000000072eb00000|100%| E|CS|TAMS 0x000000072ea00000, 0x000000072ea00000| Complete 
| 219|0x000000072eb00000, 0x000000072ec00000, 0x000000072ec00000|100%| E|CS|TAMS 0x000000072eb00000, 0x000000072eb00000| Complete 
| 220|0x000000072ec00000, 0x000000072ed00000, 0x000000072ed00000|100%| E|CS|TAMS 0x000000072ec00000, 0x000000072ec00000| Complete 
| 221|0x000000072ed00000, 0x000000072ee00000, 0x000000072ee00000|100%| E|CS|TAMS 0x000000072ed00000, 0x000000072ed00000| Complete 
| 222|0x000000072ee00000, 0x000000072ef00000, 0x000000072ef00000|100%| E|CS|TAMS 0x000000072ee00000, 0x000000072ee00000| Complete 
| 223|0x000000072ef00000, 0x000000072f000000, 0x000000072f000000|100%| E|CS|TAMS 0x000000072ef00000, 0x000000072ef00000| Complete 

Card table byte_map: [0x0000026f2cac0000,0x0000026f2d1c0000] _byte_map_base: 0x0000026f291b8000

Marking Bits (Prev, Next): (CMBitMap*) 0x0000026f176e9d08, (CMBitMap*) 0x0000026f176e9d40
 Prev Bits: [0x0000026f2d8c0000, 0x0000026f31080000)
 Next Bits: [0x0000026f31080000, 0x0000026f34840000)

Polling page: 0x0000026f17770000

Metaspace:

Usage:
  Non-class:     40.02 MB capacity,    39.70 MB (>99%) used,   257.97 KB ( <1%) free+waste,    65.25 KB ( <1%) overhead. 
      Class:      5.48 MB capacity,     5.30 MB ( 97%) used,   154.16 KB (  3%) free+waste,    27.50 KB ( <1%) overhead. 
       Both:     45.50 MB capacity,    45.00 MB ( 99%) used,   412.13 KB ( <1%) free+waste,    92.75 KB ( <1%) overhead. 

Virtual space:
  Non-class space:       42.00 MB reserved,      40.25 MB ( 96%) committed 
      Class space:        1.00 GB reserved,       5.50 MB ( <1%) committed 
             Both:        1.04 GB reserved,      45.75 MB (  4%) committed 

Chunk freelists:
   Non-Class:  45.00 KB
       Class:  23.00 KB
        Both:  68.00 KB

MaxMetaspaceSize: 17179869184.00 GB
CompressedClassSpaceSize: 1.00 GB

CodeHeap 'non-profiled nmethods': size=120000Kb used=1313Kb max_used=1313Kb free=118686Kb
 bounds [0x0000026f24430000, 0x0000026f246a0000, 0x0000026f2b960000]
CodeHeap 'profiled nmethods': size=120000Kb used=7136Kb max_used=7136Kb free=112863Kb
 bounds [0x0000026f1cf00000, 0x0000026f1d600000, 0x0000026f24430000]
CodeHeap 'non-nmethods': size=5760Kb used=1194Kb max_used=1226Kb free=4565Kb
 bounds [0x0000026f1c960000, 0x0000026f1cbd0000, 0x0000026f1cf00000]
 total_blobs=3930 nmethods=3393 adapters=447
 compilation: enabled
              stopped_count=0, restarted_count=0
 full_count=0

Compilation events (20 events):
Event: 3.078 Thread 0x0000026f37c6f800 3399       2       org.jetbrains.kotlin.name.ClassId::asSingleFqName (67 bytes)
Event: 3.079 Thread 0x0000026f37c6f800 nmethod 3399 0x0000026f1d5d9690 code [0x0000026f1d5d9900, 0x0000026f1d5da0e8]
Event: 3.079 Thread 0x0000026f37c6f800 3400       2       org.jetbrains.org.objectweb.asm.ClassReader::<init> (339 bytes)
Event: 3.080 Thread 0x0000026f37c6f800 nmethod 3400 0x0000026f1d5da510 code [0x0000026f1d5da720, 0x0000026f1d5db0b8]
Event: 3.080 Thread 0x0000026f37c6f800 3401       2       org.jetbrains.org.objectweb.asm.ClassReader::accept (1401 bytes)
Event: 3.091 Thread 0x0000026f37c6f800 nmethod 3401 0x0000026f1d5db510 code [0x0000026f1d5dbce0, 0x0000026f1d5e0618]
Event: 3.091 Thread 0x0000026f37c6f800 3402 %     3       org.jetbrains.org.objectweb.asm.ClassReader::getFirstAttributeOffset @ 105 (136 bytes)
Event: 3.092 Thread 0x0000026f37c6f800 nmethod 3402% 0x0000026f1d5e4610 code [0x0000026f1d5e4860, 0x0000026f1d5e51d8]
Event: 3.092 Thread 0x0000026f37c6f800 3403       2       org.jetbrains.kotlin.name.Name::getIdentifier (47 bytes)
Event: 3.093 Thread 0x0000026f37c6f800 nmethod 3403 0x0000026f1d5e5690 code [0x0000026f1d5e58c0, 0x0000026f1d5e5d78]
Event: 3.095 Thread 0x0000026f37c6f800 3404       1       org.jetbrains.kotlin.com.intellij.openapi.vfs.impl.jar.CoreJarVirtualFile::isValid (2 bytes)
Event: 3.095 Thread 0x0000026f37c6f800 nmethod 3404 0x0000026f24577b10 code [0x0000026f24577cc0, 0x0000026f24577d78]
Event: 3.096 Thread 0x0000026f37c6f800 3405       2       kotlin.collections.ArraysKt___ArraysKt::getOrNull (30 bytes)
Event: 3.097 Thread 0x0000026f37c6f800 nmethod 3405 0x0000026f1d5e6010 code [0x0000026f1d5e6260, 0x0000026f1d5e67b8]
Event: 3.099 Thread 0x0000026f37c6f800 3406       2       org.jetbrains.kotlin.com.intellij.mock.MockComponentManager::getService (25 bytes)
Event: 3.099 Thread 0x0000026f37c6f800 nmethod 3406 0x0000026f1d5e6b10 code [0x0000026f1d5e6ce0, 0x0000026f1d5e6e68]
Event: 3.101 Thread 0x0000026f37c6f800 3407       1       org.jetbrains.kotlin.com.intellij.openapi.util.Ref::get (5 bytes)
Event: 3.101 Thread 0x0000026f37c6f800 nmethod 3407 0x0000026f24577e10 code [0x0000026f24577fc0, 0x0000026f24578078]
Event: 3.102 Thread 0x0000026f37c6f800 3408       2       org.jetbrains.kotlin.com.intellij.util.containers.CaseInsensitiveStringHashingStrategy::hashCode (9 bytes)
Event: 3.103 Thread 0x0000026f37c6f800 nmethod 3408 0x0000026f1d5e6f90 code [0x0000026f1d5e7180, 0x0000026f1d5e73d8]

GC Heap History (10 events):
Event: 0.506 GC heap before
{Heap before GC invocations=0 (full 0):
 garbage-first heap   total 229376K, used 27648K [0x0000000721000000, 0x0000000800000000)
  region size 1024K, 24 young (24576K), 0 survivors (0K)
 Metaspace       used 12305K, capacity 12341K, committed 12544K, reserved 1060864K
  class space    used 1157K, capacity 1174K, committed 1280K, reserved 1048576K
}
Event: 0.508 GC heap after
{Heap after GC invocations=1 (full 0):
 garbage-first heap   total 229376K, used 5768K [0x0000000721000000, 0x0000000800000000)
  region size 1024K, 3 young (3072K), 3 survivors (3072K)
 Metaspace       used 12305K, capacity 12341K, committed 12544K, reserved 1060864K
  class space    used 1157K, capacity 1174K, committed 1280K, reserved 1048576K
}
Event: 1.044 GC heap before
{Heap before GC invocations=1 (full 0):
 garbage-first heap   total 229376K, used 42632K [0x0000000721000000, 0x0000000800000000)
  region size 1024K, 40 young (40960K), 3 survivors (3072K)
 Metaspace       used 20974K, capacity 21148K, committed 21248K, reserved 1069056K
  class space    used 2215K, capacity 2278K, committed 2304K, reserved 1048576K
}
Event: 1.055 GC heap after
{Heap after GC invocations=2 (full 0):
 garbage-first heap   total 229376K, used 9477K [0x0000000721000000, 0x0000000800000000)
  region size 1024K, 7 young (7168K), 7 survivors (7168K)
 Metaspace       used 20974K, capacity 21148K, committed 21248K, reserved 1069056K
  class space    used 2215K, capacity 2278K, committed 2304K, reserved 1048576K
}
Event: 1.917 GC heap before
{Heap before GC invocations=3 (full 0):
 garbage-first heap   total 229376K, used 73989K [0x0000000721000000, 0x0000000800000000)
  region size 1024K, 58 young (59392K), 7 survivors (7168K)
 Metaspace       used 32425K, capacity 32849K, committed 32896K, reserved 1077248K
  class space    used 4030K, capacity 4211K, committed 4224K, reserved 1048576K
}
Event: 1.930 GC heap after
{Heap after GC invocations=4 (full 0):
 garbage-first heap   total 229376K, used 23689K [0x0000000721000000, 0x0000000800000000)
  region size 1024K, 8 young (8192K), 8 survivors (8192K)
 Metaspace       used 32425K, capacity 32849K, committed 32896K, reserved 1077248K
  class space    used 4030K, capacity 4211K, committed 4224K, reserved 1048576K
}
Event: 2.085 GC heap before
{Heap before GC invocations=4 (full 0):
 garbage-first heap   total 229376K, used 34953K [0x0000000721000000, 0x0000000800000000)
  region size 1024K, 20 young (20480K), 8 survivors (8192K)
 Metaspace       used 35002K, capacity 35452K, committed 35584K, reserved 1081344K
  class space    used 4318K, capacity 4503K, committed 4608K, reserved 1048576K
}
Event: 2.096 GC heap after
{Heap after GC invocations=5 (full 0):
 garbage-first heap   total 229376K, used 25260K [0x0000000721000000, 0x0000000800000000)
  region size 1024K, 10 young (10240K), 10 survivors (10240K)
 Metaspace       used 35002K, capacity 35452K, committed 35584K, reserved 1081344K
  class space    used 4318K, capacity 4503K, committed 4608K, reserved 1048576K
}
Event: 2.507 GC heap before
{Heap before GC invocations=6 (full 0):
 garbage-first heap   total 229376K, used 54956K [0x0000000721000000, 0x0000000800000000)
  region size 1024K, 39 young (39936K), 10 survivors (10240K)
 Metaspace       used 40308K, capacity 40770K, committed 40960K, reserved 1085440K
  class space    used 4816K, capacity 4993K, committed 5120K, reserved 1048576K
}
Event: 2.517 GC heap after
{Heap after GC invocations=7 (full 0):
 garbage-first heap   total 229376K, used 28204K [0x0000000721000000, 0x0000000800000000)
  region size 1024K, 5 young (5120K), 5 survivors (5120K)
 Metaspace       used 40308K, capacity 40770K, committed 40960K, reserved 1085440K
  class space    used 4816K, capacity 4993K, committed 5120K, reserved 1048576K
}

Deoptimization events (20 events):
Event: 2.939 Thread 0x0000026f1768f000 Uncommon trap: trap_request=0xffffffc6 fr.pc=0x0000026f24526c28 relative=0x00000000000005a8
Event: 2.939 Thread 0x0000026f1768f000 Uncommon trap: reason=bimorphic_or_optimized_type_check action=maybe_recompile pc=0x0000026f24526c28 method=org.jetbrains.kotlin.protobuf.CodedInputStream.tryRefillBuffer(I)Z @ 177 c2
Event: 2.939 Thread 0x0000026f1768f000 DEOPT PACKING pc=0x0000026f24526c28 sp=0x000000f024df7430
Event: 2.939 Thread 0x0000026f1768f000 DEOPT UNPACKING pc=0x0000026f1c987b2f sp=0x000000f024df7318 mode 2
Event: 2.943 Thread 0x0000026f1768f000 Uncommon trap: trap_request=0xffffffc6 fr.pc=0x0000026f24526c28 relative=0x00000000000005a8
Event: 2.943 Thread 0x0000026f1768f000 Uncommon trap: reason=bimorphic_or_optimized_type_check action=maybe_recompile pc=0x0000026f24526c28 method=org.jetbrains.kotlin.protobuf.CodedInputStream.tryRefillBuffer(I)Z @ 177 c2
Event: 2.943 Thread 0x0000026f1768f000 DEOPT PACKING pc=0x0000026f24526c28 sp=0x000000f024df76d0
Event: 2.943 Thread 0x0000026f1768f000 DEOPT UNPACKING pc=0x0000026f1c987b2f sp=0x000000f024df75b8 mode 2
Event: 2.971 Thread 0x0000026f1768f000 Uncommon trap: trap_request=0xffffffc6 fr.pc=0x0000026f24526c28 relative=0x00000000000005a8
Event: 2.971 Thread 0x0000026f1768f000 Uncommon trap: reason=bimorphic_or_optimized_type_check action=maybe_recompile pc=0x0000026f24526c28 method=org.jetbrains.kotlin.protobuf.CodedInputStream.tryRefillBuffer(I)Z @ 177 c2
Event: 2.971 Thread 0x0000026f1768f000 DEOPT PACKING pc=0x0000026f24526c28 sp=0x000000f024df7b90
Event: 2.971 Thread 0x0000026f1768f000 DEOPT UNPACKING pc=0x0000026f1c987b2f sp=0x000000f024df7a78 mode 2
Event: 2.973 Thread 0x0000026f1768f000 Uncommon trap: trap_request=0xffffffc6 fr.pc=0x0000026f24523bec relative=0x000000000000028c
Event: 2.973 Thread 0x0000026f1768f000 Uncommon trap: reason=bimorphic_or_optimized_type_check action=maybe_recompile pc=0x0000026f24523bec method=org.jetbrains.kotlin.protobuf.CodedInputStream.tryRefillBuffer(I)Z @ 177 c2
Event: 2.973 Thread 0x0000026f1768f000 DEOPT PACKING pc=0x0000026f24523bec sp=0x000000f024df7b40
Event: 2.973 Thread 0x0000026f1768f000 DEOPT UNPACKING pc=0x0000026f1c987b2f sp=0x000000f024df7a78 mode 2
Event: 3.019 Thread 0x0000026f1768f000 DEOPT PACKING pc=0x0000026f1d4438ff sp=0x000000f024df9290
Event: 3.019 Thread 0x0000026f1768f000 DEOPT UNPACKING pc=0x0000026f1c98794e sp=0x000000f024df86e0 mode 0
Event: 3.038 Thread 0x0000026f1768f000 DEOPT PACKING pc=0x0000026f1d2760db sp=0x000000f024df89b0
Event: 3.038 Thread 0x0000026f1768f000 DEOPT UNPACKING pc=0x0000026f1c98794e sp=0x000000f024df7e28 mode 0

Classes redefined (0 events):
No events

Internal exceptions (20 events):
Event: 1.008 Thread 0x0000026f1768f000 Exception <a 'java/lang/NoSuchMethodError'{0x000000072cb42a08}: 'long java.lang.invoke.DirectMethodHandle$Holder.invokeStaticInit(java.lang.Object)'> (0x000000072cb42a08) thrown at [./src/hotspot/share/interpreter/linkResolver.cpp, line 773]
Event: 1.064 Thread 0x0000026f1768f000 Exception <a 'java/lang/NoSuchMethodError'{0x000000072ef680a0}: 'int java.lang.invoke.DirectMethodHandle$Holder.invokeStaticInit(java.lang.Object, java.lang.Object, java.lang.Object)'> (0x000000072ef680a0) thrown at [./src/hotspot/share/interpreter/linkResolver.cpp, line 773]
Event: 1.069 Thread 0x0000026f1768f000 Exception <a 'java/lang/NoSuchMethodError'{0x000000072ef943a0}: 'int java.lang.invoke.DirectMethodHandle$Holder.invokeStaticInit(java.lang.Object, java.lang.Object)'> (0x000000072ef943a0) thrown at [./src/hotspot/share/interpreter/linkResolver.cpp, line 773]
Event: 1.239 Thread 0x0000026f1768f000 Exception <a 'java/lang/NoSuchMethodError'{0x000000072e550688}: 'java.lang.Object java.lang.invoke.DirectMethodHandle$Holder.invokeStatic(java.lang.Object, java.lang.Object, java.lang.Object, java.lang.Object, java.lang.Object, java.lang.Object, java.lang.Object, java.lang.Object, java.lang.Object, java.lang.Object, java.lang.Object, java.lang.Object, java.lang.Object, java.lang.Object, java.lang.Object)'> (0x000000072e550688) thrown at [./src/hotspot/share/interpreter/linkResolver.cpp, line 773]
Event: 1.240 Thread 0x0000026f1768f000 Exception <a 'java/lang/NoSuchMethodError'{0x000000072e55e690}: 'java.lang.Object java.lang.invoke.DirectMethodHandle$Holder.invokeStatic(java.lang.Object, java.lang.Object, java.lang.Object, java.lang.Object, java.lang.Object, java.lang.Object, java.lang.Object, java.lang.Object, java.lang.Object, java.lang.Object, java.lang.Object, java.lang.Object, java.lang.Object, java.lang.Object, java.lang.Object, java.lang.Object)'> (0x000000072e55e690) thrown at [./src/hotspot/share/interpreter/linkResolver.cpp, l
Event: 1.242 Thread 0x0000026f1768f000 Exception <a 'java/lang/NoSuchMethodError'{0x000000072e56c5a8}: 'java.lang.Object java.lang.invoke.DirectMethodHandle$Holder.invokeSpecial(java.lang.Object, java.lang.Object, int, int, java.lang.Object, java.lang.Object, java.lang.Object)'> (0x000000072e56c5a8) thrown at [./src/hotspot/share/interpreter/linkResolver.cpp, line 773]
Event: 1.242 Thread 0x0000026f1768f000 Exception <a 'java/lang/NoSuchMethodError'{0x000000072e56fde0}: 'java.lang.Object java.lang.invoke.DelegatingMethodHandle$Holder.reinvoke_L(java.lang.Object, int, int, java.lang.Object, java.lang.Object, java.lang.Object)'> (0x000000072e56fde0) thrown at [./src/hotspot/share/interpreter/linkResolver.cpp, line 773]
Event: 1.242 Thread 0x0000026f1768f000 Exception <a 'java/lang/NoSuchMethodError'{0x000000072e574168}: 'java.lang.Object java.lang.invoke.DirectMethodHandle$Holder.invokeStatic(java.lang.Object, java.lang.Object, java.lang.Object, java.lang.Object, int)'> (0x000000072e574168) thrown at [./src/hotspot/share/interpreter/linkResolver.cpp, line 773]
Event: 1.282 Thread 0x0000026f1768f000 Implicit null exception at 0x0000026f244b72ac to 0x0000026f244b745a
Event: 1.316 Thread 0x0000026f1768f000 Exception <a 'java/lang/NoSuchMethodError'{0x000000072e0f1f60}: 'void java.lang.invoke.DirectMethodHandle$Holder.invokeStatic(java.lang.Object, java.lang.Object, java.lang.Object, java.lang.Object)'> (0x000000072e0f1f60) thrown at [./src/hotspot/share/interpreter/linkResolver.cpp, line 773]
Event: 1.332 Thread 0x0000026f1768f000 Exception <a 'java/lang/NoSuchMethodError'{0x000000072de41450}: 'void java.lang.invoke.DirectMethodHandle$Holder.invokeSpecial(java.lang.Object, java.lang.Object)'> (0x000000072de41450) thrown at [./src/hotspot/share/interpreter/linkResolver.cpp, line 773]
Event: 1.361 Thread 0x0000026f1768f000 Exception <a 'java/lang/NoSuchMethodError'{0x000000072dce33b8}: 'void java.lang.invoke.DirectMethodHandle$Holder.invokeStaticInit(java.lang.Object, java.lang.Object)'> (0x000000072dce33b8) thrown at [./src/hotspot/share/interpreter/linkResolver.cpp, line 773]
Event: 1.369 Thread 0x0000026f1768f000 Exception <a 'java/lang/NoSuchMethodError'{0x000000072db21ce8}: 'void java.lang.invoke.DirectMethodHandle$Holder.invokeInterface(java.lang.Object, java.lang.Object)'> (0x000000072db21ce8) thrown at [./src/hotspot/share/interpreter/linkResolver.cpp, line 773]
Event: 1.437 Thread 0x0000026f1768f000 Exception <a 'java/lang/NoSuchMethodError'{0x000000072d73b700}: 'void java.lang.invoke.DirectMethodHandle$Holder.invokeVirtual(java.lang.Object, java.lang.Object)'> (0x000000072d73b700) thrown at [./src/hotspot/share/interpreter/linkResolver.cpp, line 773]
Event: 1.445 Thread 0x0000026f1768f000 Exception <a 'java/lang/NoSuchMethodError'{0x000000072d7b3cf8}: 'int java.lang.invoke.DirectMethodHandle$Holder.invokeVirtual(java.lang.Object, java.lang.Object)'> (0x000000072d7b3cf8) thrown at [./src/hotspot/share/interpreter/linkResolver.cpp, line 773]
Event: 2.044 Thread 0x0000026f1768f000 Exception <a 'java/lang/NoSuchMethodError'{0x000000072e731cc8}: 'java.lang.Object java.lang.invoke.DirectMethodHandle$Holder.invokeVirtual(java.lang.Object, java.lang.Object, java.lang.Object)'> (0x000000072e731cc8) thrown at [./src/hotspot/share/interpreter/linkResolver.cpp, line 773]
Event: 2.655 Thread 0x0000026f1768f000 Exception <a 'java/lang/NoSuchMethodError'{0x000000072e7844e0}: 'java.lang.Object java.lang.invoke.DirectMethodHandle$Holder.invokeStatic(java.lang.Object, java.lang.Object, java.lang.Object, int)'> (0x000000072e7844e0) thrown at [./src/hotspot/share/interpreter/linkResolver.cpp, line 773]
Event: 2.655 Thread 0x0000026f1768f000 Exception <a 'java/lang/NoSuchMethodError'{0x000000072e788150}: 'java.lang.Object java.lang.invoke.DirectMethodHandle$Holder.invokeSpecial(java.lang.Object, java.lang.Object, java.lang.Object, java.lang.Object, int)'> (0x000000072e788150) thrown at [./src/hotspot/share/interpreter/linkResolver.cpp, line 773]
Event: 2.656 Thread 0x0000026f1768f000 Exception <a 'java/lang/NoSuchMethodError'{0x000000072e78b460}: 'java.lang.Object java.lang.invoke.Invokers$Holder.linkToTargetMethod(java.lang.Object, java.lang.Object, int, java.lang.Object)'> (0x000000072e78b460) thrown at [./src/hotspot/share/interpreter/linkResolver.cpp, line 773]
Event: 2.819 Thread 0x0000026f1768f000 Exception <a 'java/lang/NoSuchMethodError'{0x000000072df91ee8}: 'java.lang.Object java.lang.invoke.Invokers$Holder.linkToTargetMethod(java.lang.Object, int, java.lang.Object)'> (0x000000072df91ee8) thrown at [./src/hotspot/share/interpreter/linkResolver.cpp, line 773]

Events (20 events):
Event: 2.981 loading class org/jetbrains/kotlin/metadata/deserialization/ProtoBufUtilKt
Event: 2.981 loading class org/jetbrains/kotlin/metadata/deserialization/ProtoBufUtilKt done
Event: 2.981 loading class org/jetbrains/kotlin/metadata/jvm/deserialization/JvmNameResolver$WhenMappings
Event: 2.981 loading class org/jetbrains/kotlin/metadata/jvm/deserialization/JvmNameResolver$WhenMappings done
Event: 2.981 loading class org/jetbrains/kotlin/load/kotlin/DeserializedDescriptorResolver$createKotlinPackagePartScope$2
Event: 2.981 loading class org/jetbrains/kotlin/load/kotlin/DeserializedDescriptorResolver$createKotlinPackagePartScope$2 done
Event: 2.983 loading class org/jetbrains/kotlin/metadata/jvm/JvmProtoBuf$JvmPropertySignature$Builder
Event: 2.983 loading class org/jetbrains/kotlin/metadata/jvm/JvmProtoBuf$JvmPropertySignature$Builder done
Event: 2.992 loading class org/jetbrains/kotlin/metadata/ProtoBuf$TypeAlias
Event: 2.992 loading class org/jetbrains/kotlin/metadata/ProtoBuf$TypeAlias done
Event: 2.993 loading class org/jetbrains/kotlin/metadata/ProtoBuf$TypeAliasOrBuilder
Event: 2.993 loading class org/jetbrains/kotlin/metadata/ProtoBuf$TypeAliasOrBuilder done
Event: 2.995 loading class org/jetbrains/kotlin/metadata/ProtoBuf$TypeAlias$1
Event: 2.995 loading class org/jetbrains/kotlin/metadata/ProtoBuf$TypeAlias$1 done
Event: 3.013 loading class org/jetbrains/kotlin/metadata/deserialization/ProtoTypeTableUtilKt
Event: 3.013 loading class org/jetbrains/kotlin/metadata/deserialization/ProtoTypeTableUtilKt done
Event: 3.015 loading class org/jetbrains/kotlin/builtins/jvm/JvmBuiltInsSignatures
Event: 3.015 loading class org/jetbrains/kotlin/builtins/jvm/JvmBuiltInsSignatures done
Event: 3.016 loading class org/jetbrains/kotlin/load/kotlin/SignatureBuildingComponents
Event: 3.016 loading class org/jetbrains/kotlin/load/kotlin/SignatureBuildingComponents done


Dynamic libraries:
0x00007ff77f620000 - 0x00007ff77f62a000 	C:\Program Files\Android\Android Studio\jre\bin\java.exe
0x00007ffcdc050000 - 0x00007ffcdc245000 	C:\WINDOWS\SYSTEM32\ntdll.dll
0x00007ffcdb840000 - 0x00007ffcdb8fe000 	C:\WINDOWS\System32\KERNEL32.DLL
0x00007ffcd9be0000 - 0x00007ffcd9ea9000 	C:\WINDOWS\System32\KERNELBASE.dll
0x00007ffcd9850000 - 0x00007ffcd9950000 	C:\WINDOWS\System32\ucrtbase.dll
0x00007ffcc18c0000 - 0x00007ffcc18d7000 	C:\Program Files\Android\Android Studio\jre\bin\VCRUNTIME140.dll
0x00007ffcc5f00000 - 0x00007ffcc5f19000 	C:\Program Files\Android\Android Studio\jre\bin\jli.dll
0x00007ffcdb900000 - 0x00007ffcdbaa1000 	C:\WINDOWS\System32\USER32.dll
0x00007ffcc95e0000 - 0x00007ffcc987a000 	C:\WINDOWS\WinSxS\amd64_microsoft.windows.common-controls_6595b64144ccf1df_6.0.19041.1110_none_60b5254171f9507e\COMCTL32.dll
0x00007ffcd9820000 - 0x00007ffcd9842000 	C:\WINDOWS\System32\win32u.dll
0x00007ffcdaf80000 - 0x00007ffcdb01e000 	C:\WINDOWS\System32\msvcrt.dll
0x00007ffcdb520000 - 0x00007ffcdb54b000 	C:\WINDOWS\System32\GDI32.dll
0x00007ffcd9ad0000 - 0x00007ffcd9bdb000 	C:\WINDOWS\System32\gdi32full.dll
0x00007ffcd99a0000 - 0x00007ffcd9a3d000 	C:\WINDOWS\System32\msvcp_win.dll
0x00007ffcdb360000 - 0x00007ffcdb390000 	C:\WINDOWS\System32\IMM32.DLL
0x00007ffcb37b0000 - 0x00007ffcb384d000 	C:\Program Files\Android\Android Studio\jre\bin\msvcp140.dll
0x00007ffcaef90000 - 0x00007ffcafa5f000 	C:\Program Files\Android\Android Studio\jre\bin\server\jvm.dll
0x00007ffcdbe10000 - 0x00007ffcdbebc000 	C:\WINDOWS\System32\ADVAPI32.dll
0x00007ffcdb160000 - 0x00007ffcdb1fb000 	C:\WINDOWS\System32\sechost.dll
0x00007ffcdbed0000 - 0x00007ffcdbffa000 	C:\WINDOWS\System32\RPCRT4.dll
0x00007ffcdc000000 - 0x00007ffcdc008000 	C:\WINDOWS\System32\PSAPI.DLL
0x00007ffcca8c0000 - 0x00007ffcca8c9000 	C:\WINDOWS\SYSTEM32\WSOCK32.dll
0x00007ffccf050000 - 0x00007ffccf077000 	C:\WINDOWS\SYSTEM32\WINMM.dll
0x00007ffcd85b0000 - 0x00007ffcd85ba000 	C:\WINDOWS\SYSTEM32\VERSION.dll
0x00007ffcdb4b0000 - 0x00007ffcdb51b000 	C:\WINDOWS\System32\WS2_32.dll
0x00007ffcd8570000 - 0x00007ffcd8582000 	C:\WINDOWS\SYSTEM32\kernel.appcore.dll
0x00007ffcd3a60000 - 0x00007ffcd3a71000 	C:\Program Files\Android\Android Studio\jre\bin\verify.dll
0x00007ffcd1b00000 - 0x00007ffcd1ce4000 	C:\WINDOWS\SYSTEM32\DBGHELP.DLL
0x00007ffcd1810000 - 0x00007ffcd183c000 	C:\WINDOWS\SYSTEM32\dbgcore.DLL
0x00007ffcd9eb0000 - 0x00007ffcd9f33000 	C:\WINDOWS\System32\bcryptPrimitives.dll
0x00007ffcd1720000 - 0x00007ffcd1749000 	C:\Program Files\Android\Android Studio\jre\bin\java.dll
0x00007ffcd3b10000 - 0x00007ffcd3b1b000 	C:\Program Files\Android\Android Studio\jre\bin\jimage.dll
0x00007ffcd3240000 - 0x00007ffcd3258000 	C:\Program Files\Android\Android Studio\jre\bin\zip.dll
0x00007ffcda780000 - 0x00007ffcdaebf000 	C:\WINDOWS\System32\SHELL32.dll
0x00007ffcd7de0000 - 0x00007ffcd8570000 	C:\WINDOWS\SYSTEM32\windows.storage.dll
0x00007ffcdbab0000 - 0x00007ffcdbe05000 	C:\WINDOWS\System32\combase.dll
0x00007ffcd91c0000 - 0x00007ffcd91ec000 	C:\WINDOWS\SYSTEM32\Wldp.dll
0x00007ffcdb5e0000 - 0x00007ffcdb68d000 	C:\WINDOWS\System32\SHCORE.dll
0x00007ffcdaf20000 - 0x00007ffcdaf75000 	C:\WINDOWS\System32\shlwapi.dll
0x00007ffcd96b0000 - 0x00007ffcd96cf000 	C:\WINDOWS\SYSTEM32\profapi.dll
0x00007ffcd1640000 - 0x00007ffcd165a000 	C:\Program Files\Android\Android Studio\jre\bin\net.dll
0x00007ffcd4260000 - 0x00007ffcd4368000 	C:\WINDOWS\SYSTEM32\WINHTTP.dll
0x00007ffcd8f20000 - 0x00007ffcd8f8a000 	C:\WINDOWS\system32\mswsock.dll
0x00007ffcd1370000 - 0x00007ffcd1384000 	C:\Program Files\Android\Android Studio\jre\bin\nio.dll

dbghelp: loaded successfully - version: 4.0.5 - missing functions: none
symbol engine: initialized successfully - sym options: 0x614 - pdb path: .;C:\Program Files\Android\Android Studio\jre\bin;C:\WINDOWS\SYSTEM32;C:\WINDOWS\WinSxS\amd64_microsoft.windows.common-controls_6595b64144ccf1df_6.0.19041.1110_none_60b5254171f9507e;C:\Program Files\Android\Android Studio\jre\bin\server

VM Arguments:
java_command: org.jetbrains.kotlin.cli.jvm.K2JVMCompiler @C:\Users\Corbin\AndroidStudioProjects\MyApplication\app\build\20211017_13870241532428542272.compiler.options
java_class_path (initial): C:\Users\Corbin\.gradle\caches\modules-2\files-2.1\org.jetbrains.kotlin\kotlin-compiler-embeddable\1.5.31\cc18c29253541dc57c25c3ef514d63c7953ae1a6\kotlin-compiler-embeddable-1.5.31.jar;C:\Users\Corbin\.gradle\caches\modules-2\files-2.1\org.jetbrains.kotlin\kotlin-reflect\1.5.31\1523fcd842a47da0820cea772b19c51056fec8a9\kotlin-reflect-1.5.31.jar;C:\Users\Corbin\.gradle\caches\modules-2\files-2.1\org.jetbrains.kotlin\kotlin-stdlib\1.5.31\6628d61d0f5603568e72d2d5915d2c034b4f1c55\kotlin-stdlib-1.5.31.jar;C:\Users\Corbin\.gradle\caches\modules-2\files-2.1\org.jetbrains.kotlin\kotlin-script-runtime\1.5.31\aaea854be2cfc06373dfc11be5a6ba9ca5ca84a6\kotlin-script-runtime-1.5.31.jar;C:\Users\Corbin\.gradle\caches\modules-2\files-2.1\org.jetbrains.kotlin\kotlin-daemon-embeddable\1.5.31\d19b549661e28c62781683dc7c7e34bf416974f1\kotlin-daemon-embeddable-1.5.31.jar;C:\Users\Corbin\.gradle\caches\modules-2\files-2.1\org.jetbrains.intellij.deps\trove4j\1.0.20181211\216c2e14b070f334479d800987affe4054cd563f\trove4j-1.0.20181211.jar;C:\Users\Corbin\.gradle\caches\modules-2\files-2.1\org.jetbrains\annotations\13.0\919f0dfe192fb4e063e7dacadee7f8bb9a2672a9\annotations-13.0.jar;C:\Users\Corbin\.gradle\caches\modules-2\files-2.1\org.jetbrains.kotlin\kotlin-stdlib-common\1.5.31\43331609c7de811fed085e0dfd150874b157c32\kotlin-stdlib-common-1.5.31.jar
Launcher Type: SUN_STANDARD

[Global flags]
     intx CICompilerCount                          = 4                                         {product} {ergonomic}
     uint ConcGCThreads                            = 2                                         {product} {ergonomic}
     uint G1ConcRefinementThreads                  = 8                                         {product} {ergonomic}
   size_t G1HeapRegionSize                         = 1048576                                   {product} {ergonomic}
    uintx GCDrainStackTargetSize                   = 64                                        {product} {ergonomic}
   size_t InitialHeapSize                          = 234881024                                 {product} {ergonomic}
   size_t MarkStackSize                            = 4194304                                   {product} {ergonomic}
   size_t MaxHeapSize                              = 3741319168                                {product} {ergonomic}
   size_t MaxNewSize                               = 2243952640                                {product} {ergonomic}
   size_t MinHeapDeltaBytes                        = 1048576                                   {product} {ergonomic}
    uintx NonNMethodCodeHeapSize                   = 5836300                                {pd product} {ergonomic}
    uintx NonProfiledCodeHeapSize                  = 122910970                              {pd product} {ergonomic}
    uintx ProfiledCodeHeapSize                     = 122910970                              {pd product} {ergonomic}
    uintx ReservedCodeCacheSize                    = 251658240                              {pd product} {ergonomic}
     bool SegmentedCodeCache                       = true                                      {product} {ergonomic}
     bool UseCompressedClassPointers               = true                                 {lp64_product} {ergonomic}
     bool UseCompressedOops                        = true                                 {lp64_product} {ergonomic}
     bool UseG1GC                                  = true                                      {product} {ergonomic}
     bool UseLargePagesIndividualAllocation        = false                                  {pd product} {ergonomic}

Logging:
Log output configuration:
 #0: stdout all=warning uptime,level,tags
 #1: stderr all=off uptime,level,tags

Environment Variables:
PATH=C:\Program Files\Python37\Scripts\;C:\Program Files\Python37\;C:\Python27\;C:\Python27\Scripts;C:\Program Files (x86)\Common Files\Oracle\Java\javapath;C:\Program Files (x86)\Razer Chroma SDK\bin;C:\Program Files\Razer Chroma SDK\bin;C:\Program Files (x86)\Razer\ChromaBroadcast\bin;C:\Program Files\Razer\ChromaBroadcast\bin;C:\Program Files (x86)\NVIDIA Corporation\PhysX\Common;C:\ProgramData\Oracle\Java\javapath;C:\WINDOWS\system32;C:\WINDOWS;C:\WINDOWS\System32\Wbem;C:\WINDOWS\System32\WindowsPowerShell\v1.0\;C:\Program Files (x86)\GtkSharp\2.12\bin;C:\WINDOWS\System32\OpenSSH\;C:\Program Files\Java\jdk1.8.0_91\bin;C:\Users\Corbin\AppData\Local\Microsoft\WindowsApps;C:\WINDOWS\system32\config\systemprofile\AppData\Local\Microsoft\WindowsApps;C:\Program Files\PuTTY\;C:\Program Files\Git\cmd;C:\MinGW\bin;C:\Program Files\nodejs\;C:\Program Files\MongoDB\Server\4.4\bin\;C:\Program Files\MongoDB\Server\mongodb-database-tools-windows-x86_64-100.2.1\bin;;C:\WINDOWS\system32;C:\WINDOWS;C:\WINDOWS\System32\Wbem;C:\WINDOWS\System32\WindowsPowerShell\v1.0\;C:\WINDOWS\System32\OpenSSH\;C:\Program Files\dotnet\;C:\Program Files\Microsoft SQL Server\130\Tools\Binn\;C:\Program Files\remoteit\resources\x64;C:\Program Files\MySQL\MySQL Shell 8.0\bin\;C:\Users\Corbin\AppData\Local\Programs\Python\Python39\Scripts\;C:\Users\Corbin\AppData\Local\Programs\Python\Python39\;C:\Program Files\Java\jdk1.8.0_91\bin;C:\Users\Corbin\AppData\Local\Microsoft\WindowsApps;C:\Program Files\JetBrains\PyCharm Community Edition 2020.2.3\bin;;C:\MinGW\bin;C:\Users\Corbin\AppData\Roaming\npm;C:\Program Files\MongoDB\Server\4.4\bin\;C:\Program Files\heroku\bin;C:\Users\Corbin\.ebcli-virtual-env\executables;C:\Users\Corbin\.dotnet\tools
USERNAME=Corbin
OS=Windows_NT
PROCESSOR_IDENTIFIER=Intel64 Family 6 Model 60 Stepping 3, GenuineIntel



---------------  S Y S T E M  ---------------

OS: Windows 10 , 64 bit Build 19041 (10.0.19041.1202)
OS uptime: 2 days 5:26 hours

CPU:total 8 (initial active 8) (4 cores per cpu, 2 threads per core) family 6 model 60 stepping 3 microcode 0x27, cmov, cx8, fxsr, mmx, sse, sse2, sse3, ssse3, sse4.1, sse4.2, popcnt, avx, avx2, aes, clmul, erms, lzcnt, ht, tsc, tscinvbit, bmi1, bmi2, fma

Memory: 4k page, system-wide physical 14264M (500M free)
TotalPageFile size 20264M (AvailPageFile size 6M)
current process WorkingSet (physical memory assigned to process): 270M, peak: 275M
current process commit charge ("private bytes"): 446M, peak: 450M

vm_info: OpenJDK 64-Bit Server VM (11.0.10+0-b96-7249189) for windows-amd64 JRE (11.0.10+0-b96-7249189), built on Mar 31 2021 21:44:00 by "builder" with MS VC++ 14.0 (VS2015)

END.
